Time:6479:Cycle - 0 - 
Time:6479:Engine Lock : 
Time:6479:Value: 1
Time:6479:Engine Quit : 
Time:6479:Value: 0
Time:6479:Cycle - 1 - 
Time:6479:Engine Lock : 
Time:6479:Value: 1
Time:6479:Engine Quit : 
Time:6479:Value: 0
Time:6479:Cycle - 2 - 
Time:6479:Engine Lock : 
Time:6479:Value: 1
Time:6479:Engine Quit : 
Time:6479:Value: 0
Time:6479:Cycle - 3 - 
Time:6479:Engine Lock : 
Time:6479:Value: 1
Time:6479:Engine Quit : 
Time:6479:Value: 0
Time:6479:Cycle - 4 - 
Time:6479:Engine Lock : 
Time:6479:Value: 1
Time:6479:Engine Quit : 
Time:6479:Value: 0
Time:6479:Cycle - 5 - 
Time:6479:Engine Lock : 
Time:6479:Value: 1
Time:6479:Engine Quit : 
Time:6479:Value: 0
Time:6479:Cycle - 6 - 
Time:6479:Engine Lock : 
Time:6479:Value: 1
Time:6479:Engine Quit : 
Time:6479:Value: 0
Time:6479:Cycle - 7 - 
Time:6479:Engine Lock : 
Time:6479:Value: 1
Time:6479:Engine Quit : 
Time:6479:Value: 0
Time:6479:Cycle - 8 - 
Time:6479:Engine Lock : 
Time:6479:Value: 1
Time:6479:Engine Quit : 
Time:6479:Value: 0
Time:6479:Cycle - 9 - 
Time:6479:Engine Lock : 
Time:6479:Value: 1
Time:6479:Engine Quit : 
Time:6479:Value: 0
Time:6479:Cycle - 10 - 
Time:6479:Engine Lock : 
Time:6479:Value: 1
Time:6479:Engine Quit : 
Time:6479:Value: 0
Time:6479:Cycle - 11 - 
Time:6479:Engine Lock : 
Time:6479:Value: 1
Time:6479:Engine Quit : 
Time:6479:Value: 0
Time:6479:Cycle - 12 - 
Time:6481:Engine Lock : 
Time:6481:Value: 1
Time:6481:Engine Quit : 
Time:6481:Value: 0
Time:6481:Cycle - 13 - 
Time:6481:Engine Lock : 
Time:6481:Value: 1
Time:6481:Engine Quit : 
Time:6481:Value: 0
Time:6481:Cycle - 14 - 
Time:6481:Engine Lock : 
Time:6481:Value: 0
Time:6481:Engine Quit : 
Time:6481:Value: 0
Time:6481:Engine on move:

Time:6481:Chosen State:

Time:6481

~~~Table_What~~~:

r n b q k b n r 
f f f f f f f   
                
              f 
        F       
                
F F F F   F F F 
R N B Q K B N R 
Time:6481:Determine move:

Time:6481
{
 p_tag = Pawn 

 poz_src = ( h , 7 ) 

 poz_dst = ( h , 5 ) 

 m_tag = 0 

 p_tag_pro = ERRTAG 

 p_rock = ( a , 1 ) 

 what_col = Black 
}Time:6481:Cycle - 15 - 
Time:6482:Engine Lock : 
Time:6482:Value: 0
Time:6482:Engine Quit : 
Time:6482:Value: 0
Time:6482:Cycle - 16 - 
Time:6482:Engine Lock : 
Time:6482:Value: 0
Time:6482:Engine Quit : 
Time:6482:Value: 0
Time:6482:Cycle - 17 - 
Time:6482:Engine Lock : 
Time:6482:Value: 0
Time:6482:Engine Quit : 
Time:6482:Value: 0
Time:6482:Engine on move:

Time:6482:Chosen State:

Time:6482

~~~Table_What~~~:

r n b q k b n r 
f f f f f f     
                
            f Q 
        F       
                
F F F F   F F F 
R N B   K B N R 
Time:6482:Determine move:

Time:6482
{
 p_tag = Pawn 

 poz_src = ( g , 7 ) 

 poz_dst = ( g , 5 ) 

 m_tag = 0 

 p_tag_pro = ERRTAG 

 p_rock = ( a , 1 ) 

 what_col = Black 
}Time:6482:Cycle - 18 - 
Time:6500:Engine Lock : 
Time:6500:Value: 0
Time:6500:Engine Quit : 
Time:6500:Value: 0
Time:6500:Cycle - 19 - 
Time:6500:Engine Lock : 
Time:6500:Value: 0
Time:6500:Engine Quit : 
Time:6500:Value: 0
Time:6500:Cycle - 20 - 
Time:6500:Engine Lock : 
Time:6500:Value: 0
Time:6500:Engine Quit : 
Time:6500:Value: 0
Time:6500:Engine on move:

Time:6500:Chosen State:

Time:6500

~~~Table_What~~~:

r n b q k b n r 
f f f f   f     
                
        f   f Q 
        F   F   
                
F F F F   F   F 
R N B   K B N R 
Time:6500:Determine move:

Time:6500
{
 p_tag = Pawn 

 poz_src = ( e , 7 ) 

 poz_dst = ( e , 5 ) 

 m_tag = 0 

 p_tag_pro = ERRTAG 

 p_rock = ( a , 1 ) 

 what_col = Black 
}Time:6500:Cycle - 21 - 
Time:6506:Engine Lock : 
Time:6506:Value: 0
Time:6506:Engine Quit : 
Time:6506:Value: 0
Time:6506:Cycle - 22 - 
Time:6506:Engine Lock : 
Time:6506:Value: 0
Time:6506:Engine Quit : 
Time:6506:Value: 0
Time:6506:Cycle - 23 - 
Time:6506:Engine Lock : 
Time:6506:Value: 0
Time:6506:Engine Quit : 
Time:6506:Value: 0
Time:6506:Engine on move:

Time:6506:Chosen State:

Time:6506

~~~Table_What~~~:

r n b q k b n r 
f f f f   f     
                
            f Q 
      f F   F   
                
F F F     F   F 
R N B   K B N R 
Time:6506:Determine move:

Time:6506
{
 p_tag = Pawn 

 poz_src = ( e , 5 ) 

 poz_dst = ( d , 4 ) 

 m_tag = 0 

 p_tag_pro = ERRTAG 

 p_rock = ( a , 1 ) 

 what_col = Black 
}Time:6506:Cycle - 24 - 
