Time:1763

{
--------------------------------------------------------------

~~~V_BMAP~~~ : 

 V[White]=

0 0 0 0 0 0 0 0 
0 0 0 0 0 0 0 0 
0 0 0 0 0 0 0 0 
0 0 0 0 0 0 0 0 
0 0 0 0 1 0 0 0 
0 0 0 0 0 0 0 0 
1 1 1 1 0 1 1 1 
1 1 1 1 1 1 1 1 

 V[Black]=

1 1 1 1 1 1 1 1 
1 1 1 1 1 1 1 0 
0 0 0 0 0 0 0 0 
0 0 0 0 0 0 0 1 
0 0 0 0 0 0 0 0 
0 0 0 0 0 0 0 0 
0 0 0 0 0 0 0 0 
0 0 0 0 0 0 0 0 

 V[King]=

0 0 0 0 1 0 0 0 
0 0 0 0 0 0 0 0 
0 0 0 0 0 0 0 0 
0 0 0 0 0 0 0 0 
0 0 0 0 0 0 0 0 
0 0 0 0 0 0 0 0 
0 0 0 0 0 0 0 0 
0 0 0 0 1 0 0 0 

 V[Queen]=

0 0 0 1 0 0 0 0 
0 0 0 0 0 0 0 0 
0 0 0 0 0 0 0 0 
0 0 0 0 0 0 0 0 
0 0 0 0 0 0 0 0 
0 0 0 0 0 0 0 0 
0 0 0 0 0 0 0 0 
0 0 0 1 0 0 0 0 

 V[Rock]=

1 0 0 0 0 0 0 1 
0 0 0 0 0 0 0 0 
0 0 0 0 0 0 0 0 
0 0 0 0 0 0 0 0 
0 0 0 0 0 0 0 0 
0 0 0 0 0 0 0 0 
0 0 0 0 0 0 0 0 
1 0 0 0 0 0 0 1 

 V[Bishop]=

0 0 1 0 0 1 0 0 
0 0 0 0 0 0 0 0 
0 0 0 0 0 0 0 0 
0 0 0 0 0 0 0 0 
0 0 0 0 0 0 0 0 
0 0 0 0 0 0 0 0 
0 0 0 0 0 0 0 0 
0 0 1 0 0 1 0 0 

 V[Knight]=

0 1 0 0 0 0 1 0 
0 0 0 0 0 0 0 0 
0 0 0 0 0 0 0 0 
0 0 0 0 0 0 0 0 
0 0 0 0 0 0 0 0 
0 0 0 0 0 0 0 0 
0 0 0 0 0 0 0 0 
0 1 0 0 0 0 1 0 

 V[Pawn]=

0 0 0 0 0 0 0 0 
1 1 1 1 1 1 1 0 
0 0 0 0 0 0 0 0 
0 0 0 0 0 0 0 1 
0 0 0 0 1 0 0 0 
0 0 0 0 0 0 0 0 
1 1 1 1 0 1 1 1 
0 0 0 0 0 0 0 0 

~~~Table_What~~~:

r n b q k b n r 
p p p p p p p - 
- - - - - - - - 
- - - - - - - p 
- - - - P - - - 
- - - - - - - - 
P P P P - P P P 
R N B Q K B N R 

~~~Table_Location~~~:

Table_Location[White][King]: ( e , 1 ) 
Table_Location[White][Queen]: ( d , 1 ) 
Table_Location[White][Rock]: ( a , 1 )  ( h , 1 ) 
Table_Location[White][Bishop]: ( c , 1 )  ( f , 1 ) 
Table_Location[White][Knight]: ( b , 1 )  ( g , 1 ) 
Table_Location[White][Pawn]: ( a , 2 )  ( b , 2 )  ( c , 2 )  ( d , 2 )  ( e , 4 )  ( f , 2 )  ( g , 2 )  ( h , 2 ) 
Table_Location[Black][King]: ( e , 8 ) 
Table_Location[Black][Queen]: ( d , 8 ) 
Table_Location[Black][Rock]: ( a , 8 )  ( h , 8 ) 
Table_Location[Black][Bishop]: ( c , 8 )  ( f , 8 ) 
Table_Location[Black][Knight]: ( b , 8 )  ( g , 8 ) 
Table_Location[Black][Pawn]: ( a , 7 )  ( b , 7 )  ( c , 7 )  ( d , 7 )  ( e , 7 )  ( f , 7 )  ( g , 7 )  ( h , 5 ) 

Color on move : White

Piece to move: White

Move index: 0

Current piece location : Void List

New_st_gen : 0

En Passsant Location : Void 
--------------------------------------------------------------
}
Time:1765

{
--------------------------------------------------------------

~~~V_BMAP~~~ : 

 V[White]=

0 0 0 0 0 0 0 0 
0 0 0 0 0 0 0 0 
0 0 0 0 0 0 0 0 
0 0 0 0 0 0 0 0 
0 0 0 0 1 0 0 1 
0 0 0 0 0 0 0 0 
1 1 1 1 0 1 1 0 
1 1 1 1 1 1 1 1 

 V[Black]=

1 1 1 1 1 1 1 1 
1 1 1 1 1 1 0 0 
0 0 0 0 0 0 0 0 
0 0 0 0 0 0 1 1 
0 0 0 0 0 0 0 0 
0 0 0 0 0 0 0 0 
0 0 0 0 0 0 0 0 
0 0 0 0 0 0 0 0 

 V[King]=

0 0 0 0 1 0 0 0 
0 0 0 0 0 0 0 0 
0 0 0 0 0 0 0 0 
0 0 0 0 0 0 0 0 
0 0 0 0 0 0 0 0 
0 0 0 0 0 0 0 0 
0 0 0 0 0 0 0 0 
0 0 0 0 1 0 0 0 

 V[Queen]=

0 0 0 1 0 0 0 0 
0 0 0 0 0 0 0 0 
0 0 0 0 0 0 0 0 
0 0 0 0 0 0 0 0 
0 0 0 0 0 0 0 0 
0 0 0 0 0 0 0 0 
0 0 0 0 0 0 0 0 
0 0 0 1 0 0 0 0 

 V[Rock]=

1 0 0 0 0 0 0 1 
0 0 0 0 0 0 0 0 
0 0 0 0 0 0 0 0 
0 0 0 0 0 0 0 0 
0 0 0 0 0 0 0 0 
0 0 0 0 0 0 0 0 
0 0 0 0 0 0 0 0 
1 0 0 0 0 0 0 1 

 V[Bishop]=

0 0 1 0 0 1 0 0 
0 0 0 0 0 0 0 0 
0 0 0 0 0 0 0 0 
0 0 0 0 0 0 0 0 
0 0 0 0 0 0 0 0 
0 0 0 0 0 0 0 0 
0 0 0 0 0 0 0 0 
0 0 1 0 0 1 0 0 

 V[Knight]=

0 1 0 0 0 0 1 0 
0 0 0 0 0 0 0 0 
0 0 0 0 0 0 0 0 
0 0 0 0 0 0 0 0 
0 0 0 0 0 0 0 0 
0 0 0 0 0 0 0 0 
0 0 0 0 0 0 0 0 
0 1 0 0 0 0 1 0 

 V[Pawn]=

0 0 0 0 0 0 0 0 
1 1 1 1 1 1 0 0 
0 0 0 0 0 0 0 0 
0 0 0 0 0 0 1 1 
0 0 0 0 1 0 0 1 
0 0 0 0 0 0 0 0 
1 1 1 1 0 1 1 0 
0 0 0 0 0 0 0 0 

~~~Table_What~~~:

r n b q k b n r 
p p p p p p - - 
- - - - - - - - 
- - - - - - p p 
- - - - P - - P 
- - - - - - - - 
P P P P - P P - 
R N B Q K B N R 

~~~Table_Location~~~:

Table_Location[White][King]: ( e , 1 ) 
Table_Location[White][Queen]: ( d , 1 ) 
Table_Location[White][Rock]: ( a , 1 )  ( h , 1 ) 
Table_Location[White][Bishop]: ( c , 1 )  ( f , 1 ) 
Table_Location[White][Knight]: ( b , 1 )  ( g , 1 ) 
Table_Location[White][Pawn]: ( a , 2 )  ( b , 2 )  ( c , 2 )  ( d , 2 )  ( e , 4 )  ( f , 2 )  ( g , 2 )  ( h , 4 ) 
Table_Location[Black][King]: ( e , 8 ) 
Table_Location[Black][Queen]: ( d , 8 ) 
Table_Location[Black][Rock]: ( a , 8 )  ( h , 8 ) 
Table_Location[Black][Bishop]: ( c , 8 )  ( f , 8 ) 
Table_Location[Black][Knight]: ( b , 8 )  ( g , 8 ) 
Table_Location[Black][Pawn]: ( a , 7 )  ( b , 7 )  ( c , 7 )  ( d , 7 )  ( e , 7 )  ( f , 7 )  ( g , 5 )  ( h , 5 ) 

Color on move : White

Piece to move: White

Move index: 0

Current piece location : Void List

New_st_gen : 0

En Passsant Location : Void 
--------------------------------------------------------------
}
Time:1767

{
--------------------------------------------------------------

~~~V_BMAP~~~ : 

 V[White]=

0 0 0 0 0 0 0 0 
0 0 0 0 0 0 0 0 
0 0 0 0 0 0 0 0 
0 0 0 0 0 0 0 0 
0 0 0 0 1 0 0 1 
0 0 0 0 0 0 0 0 
1 1 1 1 1 1 1 0 
1 1 1 1 1 0 1 1 

 V[Black]=

1 1 1 1 1 1 1 1 
1 1 1 1 1 1 0 0 
0 0 0 0 0 0 0 0 
0 0 0 0 0 0 0 1 
0 0 0 0 0 0 1 0 
0 0 0 0 0 0 0 0 
0 0 0 0 0 0 0 0 
0 0 0 0 0 0 0 0 

 V[King]=

0 0 0 0 1 0 0 0 
0 0 0 0 0 0 0 0 
0 0 0 0 0 0 0 0 
0 0 0 0 0 0 0 0 
0 0 0 0 0 0 0 0 
0 0 0 0 0 0 0 0 
0 0 0 0 0 0 0 0 
0 0 0 0 1 0 0 0 

 V[Queen]=

0 0 0 1 0 0 0 0 
0 0 0 0 0 0 0 0 
0 0 0 0 0 0 0 0 
0 0 0 0 0 0 0 0 
0 0 0 0 0 0 0 0 
0 0 0 0 0 0 0 0 
0 0 0 0 0 0 0 0 
0 0 0 1 0 0 0 0 

 V[Rock]=

1 0 0 0 0 0 0 1 
0 0 0 0 0 0 0 0 
0 0 0 0 0 0 0 0 
0 0 0 0 0 0 0 0 
0 0 0 0 0 0 0 0 
0 0 0 0 0 0 0 0 
0 0 0 0 0 0 0 0 
1 0 0 0 0 0 0 1 

 V[Bishop]=

0 0 1 0 0 1 0 0 
0 0 0 0 0 0 0 0 
0 0 0 0 0 0 0 0 
0 0 0 0 0 0 0 0 
0 0 0 0 0 0 0 0 
0 0 0 0 0 0 0 0 
0 0 0 0 1 0 0 0 
0 0 1 0 0 0 0 0 

 V[Knight]=

0 1 0 0 0 0 1 0 
0 0 0 0 0 0 0 0 
0 0 0 0 0 0 0 0 
0 0 0 0 0 0 0 0 
0 0 0 0 0 0 0 0 
0 0 0 0 0 0 0 0 
0 0 0 0 0 0 0 0 
0 1 0 0 0 0 1 0 

 V[Pawn]=

0 0 0 0 0 0 0 0 
1 1 1 1 1 1 0 0 
0 0 0 0 0 0 0 0 
0 0 0 0 0 0 0 1 
0 0 0 0 1 0 1 1 
0 0 0 0 0 0 0 0 
1 1 1 1 0 1 1 0 
0 0 0 0 0 0 0 0 

~~~Table_What~~~:

r n b q k b n r 
p p p p p p - - 
- - - - - - - - 
- - - - - - - p 
- - - - P - p P 
- - - - - - - - 
P P P P B P P - 
R N B Q K - N R 

~~~Table_Location~~~:

Table_Location[White][King]: ( e , 1 ) 
Table_Location[White][Queen]: ( d , 1 ) 
Table_Location[White][Rock]: ( a , 1 )  ( h , 1 ) 
Table_Location[White][Bishop]: ( c , 1 )  ( e , 2 ) 
Table_Location[White][Knight]: ( b , 1 )  ( g , 1 ) 
Table_Location[White][Pawn]: ( a , 2 )  ( b , 2 )  ( c , 2 )  ( d , 2 )  ( e , 4 )  ( f , 2 )  ( g , 2 )  ( h , 4 ) 
Table_Location[Black][King]: ( e , 8 ) 
Table_Location[Black][Queen]: ( d , 8 ) 
Table_Location[Black][Rock]: ( a , 8 )  ( h , 8 ) 
Table_Location[Black][Bishop]: ( c , 8 )  ( f , 8 ) 
Table_Location[Black][Knight]: ( b , 8 )  ( g , 8 ) 
Table_Location[Black][Pawn]: ( a , 7 )  ( b , 7 )  ( c , 7 )  ( d , 7 )  ( e , 7 )  ( f , 7 )  ( g , 4 )  ( h , 5 ) 

Color on move : White

Piece to move: White

Move index: 0

Current piece location : Void List

New_st_gen : 0

En Passsant Location : Void 
--------------------------------------------------------------
}
Time:1768

{
--------------------------------------------------------------

~~~V_BMAP~~~ : 

 V[White]=

0 0 0 0 0 0 0 0 
0 0 0 0 0 0 0 0 
0 0 0 0 0 0 0 0 
0 0 0 0 0 0 0 0 
0 0 0 1 1 0 0 1 
0 0 0 0 0 0 0 0 
1 1 1 0 1 1 1 0 
1 1 1 1 1 0 1 1 

 V[Black]=

1 1 1 1 1 1 1 1 
1 1 1 1 1 1 0 0 
0 0 0 0 0 0 0 0 
0 0 0 0 0 0 0 1 
0 0 0 0 0 0 0 0 
0 0 0 0 0 0 1 0 
0 0 0 0 0 0 0 0 
0 0 0 0 0 0 0 0 

 V[King]=

0 0 0 0 1 0 0 0 
0 0 0 0 0 0 0 0 
0 0 0 0 0 0 0 0 
0 0 0 0 0 0 0 0 
0 0 0 0 0 0 0 0 
0 0 0 0 0 0 0 0 
0 0 0 0 0 0 0 0 
0 0 0 0 1 0 0 0 

 V[Queen]=

0 0 0 1 0 0 0 0 
0 0 0 0 0 0 0 0 
0 0 0 0 0 0 0 0 
0 0 0 0 0 0 0 0 
0 0 0 0 0 0 0 0 
0 0 0 0 0 0 0 0 
0 0 0 0 0 0 0 0 
0 0 0 1 0 0 0 0 

 V[Rock]=

1 0 0 0 0 0 0 1 
0 0 0 0 0 0 0 0 
0 0 0 0 0 0 0 0 
0 0 0 0 0 0 0 0 
0 0 0 0 0 0 0 0 
0 0 0 0 0 0 0 0 
0 0 0 0 0 0 0 0 
1 0 0 0 0 0 0 1 

 V[Bishop]=

0 0 1 0 0 1 0 0 
0 0 0 0 0 0 0 0 
0 0 0 0 0 0 0 0 
0 0 0 0 0 0 0 0 
0 0 0 0 0 0 0 0 
0 0 0 0 0 0 0 0 
0 0 0 0 1 0 0 0 
0 0 1 0 0 0 0 0 

 V[Knight]=

0 1 0 0 0 0 1 0 
0 0 0 0 0 0 0 0 
0 0 0 0 0 0 0 0 
0 0 0 0 0 0 0 0 
0 0 0 0 0 0 0 0 
0 0 0 0 0 0 0 0 
0 0 0 0 0 0 0 0 
0 1 0 0 0 0 1 0 

 V[Pawn]=

0 0 0 0 0 0 0 0 
1 1 1 1 1 1 0 0 
0 0 0 0 0 0 0 0 
0 0 0 0 0 0 0 1 
0 0 0 1 1 0 0 1 
0 0 0 0 0 0 1 0 
1 1 1 0 0 1 1 0 
0 0 0 0 0 0 0 0 

~~~Table_What~~~:

r n b q k b n r 
p p p p p p - - 
- - - - - - - - 
- - - - - - - p 
- - - P P - - P 
- - - - - - p - 
P P P - B P P - 
R N B Q K - N R 

~~~Table_Location~~~:

Table_Location[White][King]: ( e , 1 ) 
Table_Location[White][Queen]: ( d , 1 ) 
Table_Location[White][Rock]: ( a , 1 )  ( h , 1 ) 
Table_Location[White][Bishop]: ( c , 1 )  ( e , 2 ) 
Table_Location[White][Knight]: ( b , 1 )  ( g , 1 ) 
Table_Location[White][Pawn]: ( a , 2 )  ( b , 2 )  ( c , 2 )  ( d , 4 )  ( e , 4 )  ( f , 2 )  ( g , 2 )  ( h , 4 ) 
Table_Location[Black][King]: ( e , 8 ) 
Table_Location[Black][Queen]: ( d , 8 ) 
Table_Location[Black][Rock]: ( a , 8 )  ( h , 8 ) 
Table_Location[Black][Bishop]: ( c , 8 )  ( f , 8 ) 
Table_Location[Black][Knight]: ( b , 8 )  ( g , 8 ) 
Table_Location[Black][Pawn]: ( a , 7 )  ( b , 7 )  ( c , 7 )  ( d , 7 )  ( e , 7 )  ( f , 7 )  ( g , 3 )  ( h , 5 ) 

Color on move : White

Piece to move: White

Move index: 0

Current piece location : Void List

New_st_gen : 0

En Passsant Location : Void 
--------------------------------------------------------------
}
Time:1769

{
--------------------------------------------------------------

~~~V_BMAP~~~ : 

 V[White]=

0 0 0 0 0 0 0 0 
0 0 0 0 0 0 0 0 
0 0 0 0 0 0 0 0 
0 0 0 0 0 0 0 0 
0 0 0 1 1 0 0 1 
0 0 0 0 0 1 0 0 
1 1 1 0 1 0 1 0 
1 1 1 1 1 0 1 1 

 V[Black]=

1 1 1 1 1 1 1 1 
1 1 1 1 1 0 0 0 
0 0 0 0 0 0 0 0 
0 0 0 0 0 1 0 1 
0 0 0 0 0 0 0 0 
0 0 0 0 0 0 1 0 
0 0 0 0 0 0 0 0 
0 0 0 0 0 0 0 0 

 V[King]=

0 0 0 0 1 0 0 0 
0 0 0 0 0 0 0 0 
0 0 0 0 0 0 0 0 
0 0 0 0 0 0 0 0 
0 0 0 0 0 0 0 0 
0 0 0 0 0 0 0 0 
0 0 0 0 0 0 0 0 
0 0 0 0 1 0 0 0 

 V[Queen]=

0 0 0 1 0 0 0 0 
0 0 0 0 0 0 0 0 
0 0 0 0 0 0 0 0 
0 0 0 0 0 0 0 0 
0 0 0 0 0 0 0 0 
0 0 0 0 0 0 0 0 
0 0 0 0 0 0 0 0 
0 0 0 1 0 0 0 0 

 V[Rock]=

1 0 0 0 0 0 0 1 
0 0 0 0 0 0 0 0 
0 0 0 0 0 0 0 0 
0 0 0 0 0 0 0 0 
0 0 0 0 0 0 0 0 
0 0 0 0 0 0 0 0 
0 0 0 0 0 0 0 0 
1 0 0 0 0 0 0 1 

 V[Bishop]=

0 0 1 0 0 1 0 0 
0 0 0 0 0 0 0 0 
0 0 0 0 0 0 0 0 
0 0 0 0 0 0 0 0 
0 0 0 0 0 0 0 0 
0 0 0 0 0 0 0 0 
0 0 0 0 1 0 0 0 
0 0 1 0 0 0 0 0 

 V[Knight]=

0 1 0 0 0 0 1 0 
0 0 0 0 0 0 0 0 
0 0 0 0 0 0 0 0 
0 0 0 0 0 0 0 0 
0 0 0 0 0 0 0 0 
0 0 0 0 0 0 0 0 
0 0 0 0 0 0 0 0 
0 1 0 0 0 0 1 0 

 V[Pawn]=

0 0 0 0 0 0 0 0 
1 1 1 1 1 0 0 0 
0 0 0 0 0 0 0 0 
0 0 0 0 0 1 0 1 
0 0 0 1 1 0 0 1 
0 0 0 0 0 1 1 0 
1 1 1 0 0 0 1 0 
0 0 0 0 0 0 0 0 

~~~Table_What~~~:

r n b q k b n r 
p p p p p - - - 
- - - - - - - - 
- - - - - p - p 
- - - P P - - P 
- - - - - P p - 
P P P - B - P - 
R N B Q K - N R 

~~~Table_Location~~~:

Table_Location[White][King]: ( e , 1 ) 
Table_Location[White][Queen]: ( d , 1 ) 
Table_Location[White][Rock]: ( a , 1 )  ( h , 1 ) 
Table_Location[White][Bishop]: ( c , 1 )  ( e , 2 ) 
Table_Location[White][Knight]: ( b , 1 )  ( g , 1 ) 
Table_Location[White][Pawn]: ( a , 2 )  ( b , 2 )  ( c , 2 )  ( d , 4 )  ( e , 4 )  ( f , 3 )  ( g , 2 )  ( h , 4 ) 
Table_Location[Black][King]: ( e , 8 ) 
Table_Location[Black][Queen]: ( d , 8 ) 
Table_Location[Black][Rock]: ( a , 8 )  ( h , 8 ) 
Table_Location[Black][Bishop]: ( c , 8 )  ( f , 8 ) 
Table_Location[Black][Knight]: ( b , 8 )  ( g , 8 ) 
Table_Location[Black][Pawn]: ( a , 7 )  ( b , 7 )  ( c , 7 )  ( d , 7 )  ( e , 7 )  ( f , 5 )  ( g , 3 )  ( h , 5 ) 

Color on move : White

Piece to move: White

Move index: 0

Current piece location : Void List

New_st_gen : 0

En Passsant Location : Void 
--------------------------------------------------------------
}
Time:1770

{
--------------------------------------------------------------

~~~V_BMAP~~~ : 

 V[White]=

0 0 0 0 0 0 0 0 
0 0 0 0 0 0 0 0 
0 0 0 0 0 0 0 0 
0 0 0 0 1 0 0 0 
0 0 0 1 0 0 0 1 
0 0 0 0 0 1 0 0 
1 1 1 0 1 0 1 0 
1 1 1 1 1 0 1 1 

 V[Black]=

1 1 1 1 1 1 1 1 
1 1 1 1 1 0 0 0 
0 0 0 0 0 0 0 0 
0 0 0 0 0 0 0 1 
0 0 0 0 0 1 0 0 
0 0 0 0 0 0 1 0 
0 0 0 0 0 0 0 0 
0 0 0 0 0 0 0 0 

 V[King]=

0 0 0 0 1 0 0 0 
0 0 0 0 0 0 0 0 
0 0 0 0 0 0 0 0 
0 0 0 0 0 0 0 0 
0 0 0 0 0 0 0 0 
0 0 0 0 0 0 0 0 
0 0 0 0 0 0 0 0 
0 0 0 0 1 0 0 0 

 V[Queen]=

0 0 0 1 0 0 0 0 
0 0 0 0 0 0 0 0 
0 0 0 0 0 0 0 0 
0 0 0 0 0 0 0 0 
0 0 0 0 0 0 0 0 
0 0 0 0 0 0 0 0 
0 0 0 0 0 0 0 0 
0 0 0 1 0 0 0 0 

 V[Rock]=

1 0 0 0 0 0 0 1 
0 0 0 0 0 0 0 0 
0 0 0 0 0 0 0 0 
0 0 0 0 0 0 0 0 
0 0 0 0 0 0 0 0 
0 0 0 0 0 0 0 0 
0 0 0 0 0 0 0 0 
1 0 0 0 0 0 0 1 

 V[Bishop]=

0 0 1 0 0 1 0 0 
0 0 0 0 0 0 0 0 
0 0 0 0 0 0 0 0 
0 0 0 0 0 0 0 0 
0 0 0 0 0 0 0 0 
0 0 0 0 0 0 0 0 
0 0 0 0 1 0 0 0 
0 0 1 0 0 0 0 0 

 V[Knight]=

0 1 0 0 0 0 1 0 
0 0 0 0 0 0 0 0 
0 0 0 0 0 0 0 0 
0 0 0 0 0 0 0 0 
0 0 0 0 0 0 0 0 
0 0 0 0 0 0 0 0 
0 0 0 0 0 0 0 0 
0 1 0 0 0 0 1 0 

 V[Pawn]=

0 0 0 0 0 0 0 0 
1 1 1 1 1 0 0 0 
0 0 0 0 0 0 0 0 
0 0 0 0 1 0 0 1 
0 0 0 1 0 1 0 1 
0 0 0 0 0 1 1 0 
1 1 1 0 0 0 1 0 
0 0 0 0 0 0 0 0 

~~~Table_What~~~:

r n b q k b n r 
p p p p p - - - 
- - - - - - - - 
- - - - P - - p 
- - - P - p - P 
- - - - - P p - 
P P P - B - P - 
R N B Q K - N R 

~~~Table_Location~~~:

Table_Location[White][King]: ( e , 1 ) 
Table_Location[White][Queen]: ( d , 1 ) 
Table_Location[White][Rock]: ( a , 1 )  ( h , 1 ) 
Table_Location[White][Bishop]: ( c , 1 )  ( e , 2 ) 
Table_Location[White][Knight]: ( b , 1 )  ( g , 1 ) 
Table_Location[White][Pawn]: ( a , 2 )  ( b , 2 )  ( c , 2 )  ( d , 4 )  ( e , 5 )  ( f , 3 )  ( g , 2 )  ( h , 4 ) 
Table_Location[Black][King]: ( e , 8 ) 
Table_Location[Black][Queen]: ( d , 8 ) 
Table_Location[Black][Rock]: ( a , 8 )  ( h , 8 ) 
Table_Location[Black][Bishop]: ( c , 8 )  ( f , 8 ) 
Table_Location[Black][Knight]: ( b , 8 )  ( g , 8 ) 
Table_Location[Black][Pawn]: ( a , 7 )  ( b , 7 )  ( c , 7 )  ( d , 7 )  ( e , 7 )  ( f , 4 )  ( g , 3 )  ( h , 5 ) 

Color on move : White

Piece to move: White

Move index: 0

Current piece location : Void List

New_st_gen : 0

En Passsant Location : Void 
--------------------------------------------------------------
}
Time:1773

{
--------------------------------------------------------------

~~~V_BMAP~~~ : 

 V[White]=

0 0 0 0 0 0 0 0 
0 0 0 0 0 0 0 0 
0 0 0 0 0 0 0 0 
0 0 0 0 1 0 0 0 
0 0 0 1 0 0 0 1 
0 0 0 1 0 1 0 0 
1 1 1 0 0 0 1 0 
1 1 1 1 1 0 1 1 

 V[Black]=

1 1 1 1 1 1 1 1 
1 1 1 1 0 0 0 0 
0 0 0 0 1 0 0 0 
0 0 0 0 0 0 0 1 
0 0 0 0 0 1 0 0 
0 0 0 0 0 0 1 0 
0 0 0 0 0 0 0 0 
0 0 0 0 0 0 0 0 

 V[King]=

0 0 0 0 1 0 0 0 
0 0 0 0 0 0 0 0 
0 0 0 0 0 0 0 0 
0 0 0 0 0 0 0 0 
0 0 0 0 0 0 0 0 
0 0 0 0 0 0 0 0 
0 0 0 0 0 0 0 0 
0 0 0 0 1 0 0 0 

 V[Queen]=

0 0 0 1 0 0 0 0 
0 0 0 0 0 0 0 0 
0 0 0 0 0 0 0 0 
0 0 0 0 0 0 0 0 
0 0 0 0 0 0 0 0 
0 0 0 0 0 0 0 0 
0 0 0 0 0 0 0 0 
0 0 0 1 0 0 0 0 

 V[Rock]=

1 0 0 0 0 0 0 1 
0 0 0 0 0 0 0 0 
0 0 0 0 0 0 0 0 
0 0 0 0 0 0 0 0 
0 0 0 0 0 0 0 0 
0 0 0 0 0 0 0 0 
0 0 0 0 0 0 0 0 
1 0 0 0 0 0 0 1 

 V[Bishop]=

0 0 1 0 0 1 0 0 
0 0 0 0 0 0 0 0 
0 0 0 0 0 0 0 0 
0 0 0 0 0 0 0 0 
0 0 0 0 0 0 0 0 
0 0 0 1 0 0 0 0 
0 0 0 0 0 0 0 0 
0 0 1 0 0 0 0 0 

 V[Knight]=

0 1 0 0 0 0 1 0 
0 0 0 0 0 0 0 0 
0 0 0 0 0 0 0 0 
0 0 0 0 0 0 0 0 
0 0 0 0 0 0 0 0 
0 0 0 0 0 0 0 0 
0 0 0 0 0 0 0 0 
0 1 0 0 0 0 1 0 

 V[Pawn]=

0 0 0 0 0 0 0 0 
1 1 1 1 0 0 0 0 
0 0 0 0 1 0 0 0 
0 0 0 0 1 0 0 1 
0 0 0 1 0 1 0 1 
0 0 0 0 0 1 1 0 
1 1 1 0 0 0 1 0 
0 0 0 0 0 0 0 0 

~~~Table_What~~~:

r n b q k b n r 
p p p p - - - - 
- - - - p - - - 
- - - - P - - p 
- - - P - p - P 
- - - B - P p - 
P P P - - - P - 
R N B Q K - N R 

~~~Table_Location~~~:

Table_Location[White][King]: ( e , 1 ) 
Table_Location[White][Queen]: ( d , 1 ) 
Table_Location[White][Rock]: ( a , 1 )  ( h , 1 ) 
Table_Location[White][Bishop]: ( c , 1 )  ( d , 3 ) 
Table_Location[White][Knight]: ( b , 1 )  ( g , 1 ) 
Table_Location[White][Pawn]: ( a , 2 )  ( b , 2 )  ( c , 2 )  ( d , 4 )  ( e , 5 )  ( f , 3 )  ( g , 2 )  ( h , 4 ) 
Table_Location[Black][King]: ( e , 8 ) 
Table_Location[Black][Queen]: ( d , 8 ) 
Table_Location[Black][Rock]: ( a , 8 )  ( h , 8 ) 
Table_Location[Black][Bishop]: ( c , 8 )  ( f , 8 ) 
Table_Location[Black][Knight]: ( b , 8 )  ( g , 8 ) 
Table_Location[Black][Pawn]: ( a , 7 )  ( b , 7 )  ( c , 7 )  ( d , 7 )  ( e , 6 )  ( f , 4 )  ( g , 3 )  ( h , 5 ) 

Color on move : White

Piece to move: White

Move index: 0

Current piece location : Void List

New_st_gen : 0

En Passsant Location : Void 
--------------------------------------------------------------
}
Time:1776

{
--------------------------------------------------------------

~~~V_BMAP~~~ : 

 V[White]=

0 0 0 0 0 0 0 0 
0 0 0 0 0 0 0 1 
0 0 0 0 0 0 0 0 
0 0 0 0 1 0 0 0 
0 0 0 1 0 0 0 1 
0 0 0 0 0 1 0 0 
1 1 1 0 0 0 1 0 
1 1 1 1 1 0 1 1 

 V[Black]=

1 1 1 1 1 1 1 1 
1 1 1 0 0 0 0 0 
0 0 0 0 1 0 0 0 
0 0 0 1 0 0 0 1 
0 0 0 0 0 1 0 0 
0 0 0 0 0 0 1 0 
0 0 0 0 0 0 0 0 
0 0 0 0 0 0 0 0 

 V[King]=

0 0 0 0 1 0 0 0 
0 0 0 0 0 0 0 0 
0 0 0 0 0 0 0 0 
0 0 0 0 0 0 0 0 
0 0 0 0 0 0 0 0 
0 0 0 0 0 0 0 0 
0 0 0 0 0 0 0 0 
0 0 0 0 1 0 0 0 

 V[Queen]=

0 0 0 1 0 0 0 0 
0 0 0 0 0 0 0 0 
0 0 0 0 0 0 0 0 
0 0 0 0 0 0 0 0 
0 0 0 0 0 0 0 0 
0 0 0 0 0 0 0 0 
0 0 0 0 0 0 0 0 
0 0 0 1 0 0 0 0 

 V[Rock]=

1 0 0 0 0 0 0 1 
0 0 0 0 0 0 0 0 
0 0 0 0 0 0 0 0 
0 0 0 0 0 0 0 0 
0 0 0 0 0 0 0 0 
0 0 0 0 0 0 0 0 
0 0 0 0 0 0 0 0 
1 0 0 0 0 0 0 1 

 V[Bishop]=

0 0 1 0 0 1 0 0 
0 0 0 0 0 0 0 1 
0 0 0 0 0 0 0 0 
0 0 0 0 0 0 0 0 
0 0 0 0 0 0 0 0 
0 0 0 0 0 0 0 0 
0 0 0 0 0 0 0 0 
0 0 1 0 0 0 0 0 

 V[Knight]=

0 1 0 0 0 0 1 0 
0 0 0 0 0 0 0 0 
0 0 0 0 0 0 0 0 
0 0 0 0 0 0 0 0 
0 0 0 0 0 0 0 0 
0 0 0 0 0 0 0 0 
0 0 0 0 0 0 0 0 
0 1 0 0 0 0 1 0 

 V[Pawn]=

0 0 0 0 0 0 0 0 
1 1 1 0 0 0 0 0 
0 0 0 0 1 0 0 0 
0 0 0 1 1 0 0 1 
0 0 0 1 0 1 0 1 
0 0 0 0 0 1 1 0 
1 1 1 0 0 0 1 0 
0 0 0 0 0 0 0 0 

~~~Table_What~~~:

r n b q k b n r 
p p p - - - - B 
- - - - p - - - 
- - - p P - - p 
- - - P - p - P 
- - - - - P p - 
P P P - - - P - 
R N B Q K - N R 

~~~Table_Location~~~:

Table_Location[White][King]: ( e , 1 ) 
Table_Location[White][Queen]: ( d , 1 ) 
Table_Location[White][Rock]: ( a , 1 )  ( h , 1 ) 
Table_Location[White][Bishop]: ( c , 1 )  ( h , 7 ) 
Table_Location[White][Knight]: ( b , 1 )  ( g , 1 ) 
Table_Location[White][Pawn]: ( a , 2 )  ( b , 2 )  ( c , 2 )  ( d , 4 )  ( e , 5 )  ( f , 3 )  ( g , 2 )  ( h , 4 ) 
Table_Location[Black][King]: ( e , 8 ) 
Table_Location[Black][Queen]: ( d , 8 ) 
Table_Location[Black][Rock]: ( a , 8 )  ( h , 8 ) 
Table_Location[Black][Bishop]: ( c , 8 )  ( f , 8 ) 
Table_Location[Black][Knight]: ( b , 8 )  ( g , 8 ) 
Table_Location[Black][Pawn]: ( a , 7 )  ( b , 7 )  ( c , 7 )  ( d , 5 )  ( e , 6 )  ( f , 4 )  ( g , 3 )  ( h , 5 ) 

Color on move : White

Piece to move: White

Move index: 0

Current piece location : Void List

New_st_gen : 0

En Passsant Location : Void 
--------------------------------------------------------------
}
Time:1777

{
--------------------------------------------------------------

~~~V_BMAP~~~ : 

 V[White]=

0 0 0 0 0 0 1 0 
0 0 0 0 0 0 0 0 
0 0 0 0 0 0 0 0 
0 0 0 0 1 0 0 0 
0 0 0 1 0 0 0 1 
0 0 0 0 0 1 0 0 
1 1 1 0 0 0 1 0 
1 1 1 1 1 0 1 1 

 V[Black]=

1 1 1 1 1 1 0 1 
1 1 0 0 0 0 0 0 
0 0 0 0 1 0 0 0 
0 0 1 1 0 0 0 1 
0 0 0 0 0 1 0 0 
0 0 0 0 0 0 1 0 
0 0 0 0 0 0 0 0 
0 0 0 0 0 0 0 0 

 V[King]=

0 0 0 0 1 0 0 0 
0 0 0 0 0 0 0 0 
0 0 0 0 0 0 0 0 
0 0 0 0 0 0 0 0 
0 0 0 0 0 0 0 0 
0 0 0 0 0 0 0 0 
0 0 0 0 0 0 0 0 
0 0 0 0 1 0 0 0 

 V[Queen]=

0 0 0 1 0 0 0 0 
0 0 0 0 0 0 0 0 
0 0 0 0 0 0 0 0 
0 0 0 0 0 0 0 0 
0 0 0 0 0 0 0 0 
0 0 0 0 0 0 0 0 
0 0 0 0 0 0 0 0 
0 0 0 1 0 0 0 0 

 V[Rock]=

1 0 0 0 0 0 0 1 
0 0 0 0 0 0 0 0 
0 0 0 0 0 0 0 0 
0 0 0 0 0 0 0 0 
0 0 0 0 0 0 0 0 
0 0 0 0 0 0 0 0 
0 0 0 0 0 0 0 0 
1 0 0 0 0 0 0 1 

 V[Bishop]=

0 0 1 0 0 1 1 0 
0 0 0 0 0 0 0 0 
0 0 0 0 0 0 0 0 
0 0 0 0 0 0 0 0 
0 0 0 0 0 0 0 0 
0 0 0 0 0 0 0 0 
0 0 0 0 0 0 0 0 
0 0 1 0 0 0 0 0 

 V[Knight]=

0 1 0 0 0 0 0 0 
0 0 0 0 0 0 0 0 
0 0 0 0 0 0 0 0 
0 0 0 0 0 0 0 0 
0 0 0 0 0 0 0 0 
0 0 0 0 0 0 0 0 
0 0 0 0 0 0 0 0 
0 1 0 0 0 0 1 0 

 V[Pawn]=

0 0 0 0 0 0 0 0 
1 1 0 0 0 0 0 0 
0 0 0 0 1 0 0 0 
0 0 1 1 1 0 0 1 
0 0 0 1 0 1 0 1 
0 0 0 0 0 1 1 0 
1 1 1 0 0 0 1 0 
0 0 0 0 0 0 0 0 

~~~Table_What~~~:

r n b q k b B r 
p p - - - - - - 
- - - - p - - - 
- - p p P - - p 
- - - P - p - P 
- - - - - P p - 
P P P - - - P - 
R N B Q K - N R 

~~~Table_Location~~~:

Table_Location[White][King]: ( e , 1 ) 
Table_Location[White][Queen]: ( d , 1 ) 
Table_Location[White][Rock]: ( a , 1 )  ( h , 1 ) 
Table_Location[White][Bishop]: ( c , 1 )  ( g , 8 ) 
Table_Location[White][Knight]: ( b , 1 )  ( g , 1 ) 
Table_Location[White][Pawn]: ( a , 2 )  ( b , 2 )  ( c , 2 )  ( d , 4 )  ( e , 5 )  ( f , 3 )  ( g , 2 )  ( h , 4 ) 
Table_Location[Black][King]: ( e , 8 ) 
Table_Location[Black][Queen]: ( d , 8 ) 
Table_Location[Black][Rock]: ( a , 8 )  ( h , 8 ) 
Table_Location[Black][Bishop]: ( c , 8 )  ( f , 8 ) 
Table_Location[Black][Knight]: ( b , 8 ) 
Table_Location[Black][Pawn]: ( a , 7 )  ( b , 7 )  ( c , 5 )  ( d , 5 )  ( e , 6 )  ( f , 4 )  ( g , 3 )  ( h , 5 ) 

Color on move : White

Piece to move: White

Move index: 0

Current piece location : Void List

New_st_gen : 0

En Passsant Location : Void 
--------------------------------------------------------------
}
Time:1780

{
--------------------------------------------------------------

~~~V_BMAP~~~ : 

 V[White]=

0 0 0 0 0 0 0 0 
0 0 0 0 0 0 0 0 
0 0 0 0 1 0 0 0 
0 0 0 0 1 0 0 0 
0 0 0 1 0 0 0 1 
0 0 0 0 0 1 0 0 
1 1 1 0 0 0 1 0 
1 1 1 1 1 0 1 1 

 V[Black]=

1 1 1 1 1 1 0 1 
1 1 0 0 0 0 0 0 
0 0 0 0 0 0 0 0 
0 0 0 1 0 0 0 1 
0 0 1 0 0 1 0 0 
0 0 0 0 0 0 1 0 
0 0 0 0 0 0 0 0 
0 0 0 0 0 0 0 0 

 V[King]=

0 0 0 0 1 0 0 0 
0 0 0 0 0 0 0 0 
0 0 0 0 0 0 0 0 
0 0 0 0 0 0 0 0 
0 0 0 0 0 0 0 0 
0 0 0 0 0 0 0 0 
0 0 0 0 0 0 0 0 
0 0 0 0 1 0 0 0 

 V[Queen]=

0 0 0 1 0 0 0 0 
0 0 0 0 0 0 0 0 
0 0 0 0 0 0 0 0 
0 0 0 0 0 0 0 0 
0 0 0 0 0 0 0 0 
0 0 0 0 0 0 0 0 
0 0 0 0 0 0 0 0 
0 0 0 1 0 0 0 0 

 V[Rock]=

1 0 0 0 0 0 0 1 
0 0 0 0 0 0 0 0 
0 0 0 0 0 0 0 0 
0 0 0 0 0 0 0 0 
0 0 0 0 0 0 0 0 
0 0 0 0 0 0 0 0 
0 0 0 0 0 0 0 0 
1 0 0 0 0 0 0 1 

 V[Bishop]=

0 0 1 0 0 1 0 0 
0 0 0 0 0 0 0 0 
0 0 0 0 1 0 0 0 
0 0 0 0 0 0 0 0 
0 0 0 0 0 0 0 0 
0 0 0 0 0 0 0 0 
0 0 0 0 0 0 0 0 
0 0 1 0 0 0 0 0 

 V[Knight]=

0 1 0 0 0 0 0 0 
0 0 0 0 0 0 0 0 
0 0 0 0 0 0 0 0 
0 0 0 0 0 0 0 0 
0 0 0 0 0 0 0 0 
0 0 0 0 0 0 0 0 
0 0 0 0 0 0 0 0 
0 1 0 0 0 0 1 0 

 V[Pawn]=

0 0 0 0 0 0 0 0 
1 1 0 0 0 0 0 0 
0 0 0 0 0 0 0 0 
0 0 0 1 1 0 0 1 
0 0 1 1 0 1 0 1 
0 0 0 0 0 1 1 0 
1 1 1 0 0 0 1 0 
0 0 0 0 0 0 0 0 

~~~Table_What~~~:

r n b q k b - r 
p p - - - - - - 
- - - - B - - - 
- - - p P - - p 
- - p P - p - P 
- - - - - P p - 
P P P - - - P - 
R N B Q K - N R 

~~~Table_Location~~~:

Table_Location[White][King]: ( e , 1 ) 
Table_Location[White][Queen]: ( d , 1 ) 
Table_Location[White][Rock]: ( a , 1 )  ( h , 1 ) 
Table_Location[White][Bishop]: ( c , 1 )  ( e , 6 ) 
Table_Location[White][Knight]: ( b , 1 )  ( g , 1 ) 
Table_Location[White][Pawn]: ( a , 2 )  ( b , 2 )  ( c , 2 )  ( d , 4 )  ( e , 5 )  ( f , 3 )  ( g , 2 )  ( h , 4 ) 
Table_Location[Black][King]: ( e , 8 ) 
Table_Location[Black][Queen]: ( d , 8 ) 
Table_Location[Black][Rock]: ( a , 8 )  ( h , 8 ) 
Table_Location[Black][Bishop]: ( c , 8 )  ( f , 8 ) 
Table_Location[Black][Knight]: ( b , 8 ) 
Table_Location[Black][Pawn]: ( a , 7 )  ( b , 7 )  ( c , 4 )  ( d , 5 )  ( f , 4 )  ( g , 3 )  ( h , 5 ) 

Color on move : White

Piece to move: White

Move index: 0

Current piece location : Void List

New_st_gen : 0

En Passsant Location : Void 
--------------------------------------------------------------
}
Time:1781

{
--------------------------------------------------------------

~~~V_BMAP~~~ : 

 V[White]=

0 0 0 0 0 0 0 0 
0 0 0 0 0 0 0 0 
0 0 0 0 0 0 0 0 
0 0 0 1 1 0 0 0 
0 0 0 1 0 0 0 1 
0 0 0 0 0 1 0 0 
1 1 1 0 0 0 1 0 
1 1 1 1 1 0 1 1 

 V[Black]=

1 1 1 1 1 1 0 1 
1 1 0 0 0 0 0 0 
0 0 0 0 0 0 0 0 
0 0 0 0 0 0 0 1 
0 0 0 0 0 1 0 0 
0 0 1 0 0 0 1 0 
0 0 0 0 0 0 0 0 
0 0 0 0 0 0 0 0 

 V[King]=

0 0 0 0 1 0 0 0 
0 0 0 0 0 0 0 0 
0 0 0 0 0 0 0 0 
0 0 0 0 0 0 0 0 
0 0 0 0 0 0 0 0 
0 0 0 0 0 0 0 0 
0 0 0 0 0 0 0 0 
0 0 0 0 1 0 0 0 

 V[Queen]=

0 0 0 1 0 0 0 0 
0 0 0 0 0 0 0 0 
0 0 0 0 0 0 0 0 
0 0 0 0 0 0 0 0 
0 0 0 0 0 0 0 0 
0 0 0 0 0 0 0 0 
0 0 0 0 0 0 0 0 
0 0 0 1 0 0 0 0 

 V[Rock]=

1 0 0 0 0 0 0 1 
0 0 0 0 0 0 0 0 
0 0 0 0 0 0 0 0 
0 0 0 0 0 0 0 0 
0 0 0 0 0 0 0 0 
0 0 0 0 0 0 0 0 
0 0 0 0 0 0 0 0 
1 0 0 0 0 0 0 1 

 V[Bishop]=

0 0 1 0 0 1 0 0 
0 0 0 0 0 0 0 0 
0 0 0 0 0 0 0 0 
0 0 0 1 0 0 0 0 
0 0 0 0 0 0 0 0 
0 0 0 0 0 0 0 0 
0 0 0 0 0 0 0 0 
0 0 1 0 0 0 0 0 

 V[Knight]=

0 1 0 0 0 0 0 0 
0 0 0 0 0 0 0 0 
0 0 0 0 0 0 0 0 
0 0 0 0 0 0 0 0 
0 0 0 0 0 0 0 0 
0 0 0 0 0 0 0 0 
0 0 0 0 0 0 0 0 
0 1 0 0 0 0 1 0 

 V[Pawn]=

0 0 0 0 0 0 0 0 
1 1 0 0 0 0 0 0 
0 0 0 0 0 0 0 0 
0 0 0 0 1 0 0 1 
0 0 0 1 0 1 0 1 
0 0 1 0 0 1 1 0 
1 1 1 0 0 0 1 0 
0 0 0 0 0 0 0 0 

~~~Table_What~~~:

r n b q k b - r 
p p - - - - - - 
- - - - - - - - 
- - - B P - - p 
- - - P - p - P 
- - p - - P p - 
P P P - - - P - 
R N B Q K - N R 

~~~Table_Location~~~:

Table_Location[White][King]: ( e , 1 ) 
Table_Location[White][Queen]: ( d , 1 ) 
Table_Location[White][Rock]: ( a , 1 )  ( h , 1 ) 
Table_Location[White][Bishop]: ( c , 1 )  ( d , 5 ) 
Table_Location[White][Knight]: ( b , 1 )  ( g , 1 ) 
Table_Location[White][Pawn]: ( a , 2 )  ( b , 2 )  ( c , 2 )  ( d , 4 )  ( e , 5 )  ( f , 3 )  ( g , 2 )  ( h , 4 ) 
Table_Location[Black][King]: ( e , 8 ) 
Table_Location[Black][Queen]: ( d , 8 ) 
Table_Location[Black][Rock]: ( a , 8 )  ( h , 8 ) 
Table_Location[Black][Bishop]: ( c , 8 )  ( f , 8 ) 
Table_Location[Black][Knight]: ( b , 8 ) 
Table_Location[Black][Pawn]: ( a , 7 )  ( b , 7 )  ( c , 3 )  ( f , 4 )  ( g , 3 )  ( h , 5 ) 

Color on move : White

Piece to move: White

Move index: 0

Current piece location : Void List

New_st_gen : 0

En Passsant Location : Void 
--------------------------------------------------------------
}
Time:1782

{
--------------------------------------------------------------

~~~V_BMAP~~~ : 

 V[White]=

0 0 0 0 0 0 0 0 
0 0 0 0 0 0 0 0 
0 0 0 0 0 0 0 0 
0 0 0 1 1 0 0 0 
0 0 0 1 0 0 0 1 
0 1 0 0 0 1 0 0 
1 0 1 0 0 0 1 0 
1 1 1 1 1 0 1 1 

 V[Black]=

1 1 1 1 1 1 0 1 
1 0 0 0 0 0 0 0 
0 0 0 0 0 0 0 0 
0 1 0 0 0 0 0 1 
0 0 0 0 0 1 0 0 
0 0 1 0 0 0 1 0 
0 0 0 0 0 0 0 0 
0 0 0 0 0 0 0 0 

 V[King]=

0 0 0 0 1 0 0 0 
0 0 0 0 0 0 0 0 
0 0 0 0 0 0 0 0 
0 0 0 0 0 0 0 0 
0 0 0 0 0 0 0 0 
0 0 0 0 0 0 0 0 
0 0 0 0 0 0 0 0 
0 0 0 0 1 0 0 0 

 V[Queen]=

0 0 0 1 0 0 0 0 
0 0 0 0 0 0 0 0 
0 0 0 0 0 0 0 0 
0 0 0 0 0 0 0 0 
0 0 0 0 0 0 0 0 
0 0 0 0 0 0 0 0 
0 0 0 0 0 0 0 0 
0 0 0 1 0 0 0 0 

 V[Rock]=

1 0 0 0 0 0 0 1 
0 0 0 0 0 0 0 0 
0 0 0 0 0 0 0 0 
0 0 0 0 0 0 0 0 
0 0 0 0 0 0 0 0 
0 0 0 0 0 0 0 0 
0 0 0 0 0 0 0 0 
1 0 0 0 0 0 0 1 

 V[Bishop]=

0 0 1 0 0 1 0 0 
0 0 0 0 0 0 0 0 
0 0 0 0 0 0 0 0 
0 0 0 1 0 0 0 0 
0 0 0 0 0 0 0 0 
0 0 0 0 0 0 0 0 
0 0 0 0 0 0 0 0 
0 0 1 0 0 0 0 0 

 V[Knight]=

0 1 0 0 0 0 0 0 
0 0 0 0 0 0 0 0 
0 0 0 0 0 0 0 0 
0 0 0 0 0 0 0 0 
0 0 0 0 0 0 0 0 
0 0 0 0 0 0 0 0 
0 0 0 0 0 0 0 0 
0 1 0 0 0 0 1 0 

 V[Pawn]=

0 0 0 0 0 0 0 0 
1 0 0 0 0 0 0 0 
0 0 0 0 0 0 0 0 
0 1 0 0 1 0 0 1 
0 0 0 1 0 1 0 1 
0 1 1 0 0 1 1 0 
1 0 1 0 0 0 1 0 
0 0 0 0 0 0 0 0 

~~~Table_What~~~:

r n b q k b - r 
p - - - - - - - 
- - - - - - - - 
- p - B P - - p 
- - - P - p - P 
- P p - - P p - 
P - P - - - P - 
R N B Q K - N R 

~~~Table_Location~~~:

Table_Location[White][King]: ( e , 1 ) 
Table_Location[White][Queen]: ( d , 1 ) 
Table_Location[White][Rock]: ( a , 1 )  ( h , 1 ) 
Table_Location[White][Bishop]: ( c , 1 )  ( d , 5 ) 
Table_Location[White][Knight]: ( b , 1 )  ( g , 1 ) 
Table_Location[White][Pawn]: ( a , 2 )  ( b , 3 )  ( c , 2 )  ( d , 4 )  ( e , 5 )  ( f , 3 )  ( g , 2 )  ( h , 4 ) 
Table_Location[Black][King]: ( e , 8 ) 
Table_Location[Black][Queen]: ( d , 8 ) 
Table_Location[Black][Rock]: ( a , 8 )  ( h , 8 ) 
Table_Location[Black][Bishop]: ( c , 8 )  ( f , 8 ) 
Table_Location[Black][Knight]: ( b , 8 ) 
Table_Location[Black][Pawn]: ( a , 7 )  ( b , 5 )  ( c , 3 )  ( f , 4 )  ( g , 3 )  ( h , 5 ) 

Color on move : White

Piece to move: White

Move index: 0

Current piece location : Void List

New_st_gen : 0

En Passsant Location : Void 
--------------------------------------------------------------
}
Time:1785

{
--------------------------------------------------------------

~~~V_BMAP~~~ : 

 V[White]=

0 0 0 0 0 0 0 0 
0 0 0 0 0 0 0 0 
0 0 0 0 0 0 0 0 
0 0 0 1 1 0 0 0 
0 0 0 1 0 0 0 1 
0 1 0 0 0 1 0 0 
1 0 1 0 0 0 1 0 
1 1 0 1 1 0 1 1 

 V[Black]=

1 1 1 1 1 1 0 1 
1 0 0 0 0 0 0 0 
0 0 0 0 0 0 0 0 
0 1 0 0 0 0 0 1 
0 0 0 0 0 1 0 0 
0 0 0 0 0 0 1 0 
0 0 0 1 0 0 0 0 
0 0 0 0 0 0 0 0 

 V[King]=

0 0 0 0 1 0 0 0 
0 0 0 0 0 0 0 0 
0 0 0 0 0 0 0 0 
0 0 0 0 0 0 0 0 
0 0 0 0 0 0 0 0 
0 0 0 0 0 0 0 0 
0 0 0 0 0 0 0 0 
0 0 0 0 1 0 0 0 

 V[Queen]=

0 0 0 1 0 0 0 0 
0 0 0 0 0 0 0 0 
0 0 0 0 0 0 0 0 
0 0 0 0 0 0 0 0 
0 0 0 0 0 0 0 0 
0 0 0 0 0 0 0 0 
0 0 0 0 0 0 0 0 
0 0 0 1 0 0 0 0 

 V[Rock]=

1 0 0 0 0 0 0 1 
0 0 0 0 0 0 0 0 
0 0 0 0 0 0 0 0 
0 0 0 0 0 0 0 0 
0 0 0 0 0 0 0 0 
0 0 0 0 0 0 0 0 
0 0 0 0 0 0 0 0 
1 0 0 0 0 0 0 1 

 V[Bishop]=

0 0 1 0 0 1 0 0 
0 0 0 0 0 0 0 0 
0 0 0 0 0 0 0 0 
0 0 0 1 0 0 0 0 
0 0 0 0 0 0 0 0 
0 0 0 0 0 0 0 0 
0 0 0 0 0 0 0 0 
0 0 0 0 0 0 0 0 

 V[Knight]=

0 1 0 0 0 0 0 0 
0 0 0 0 0 0 0 0 
0 0 0 0 0 0 0 0 
0 0 0 0 0 0 0 0 
0 0 0 0 0 0 0 0 
0 0 0 0 0 0 0 0 
0 0 0 0 0 0 0 0 
0 1 0 0 0 0 1 0 

 V[Pawn]=

0 0 0 0 0 0 0 0 
1 0 0 0 0 0 0 0 
0 0 0 0 0 0 0 0 
0 1 0 0 1 0 0 1 
0 0 0 1 0 1 0 1 
0 1 0 0 0 1 1 0 
1 0 1 1 0 0 1 0 
0 0 0 0 0 0 0 0 

~~~Table_What~~~:

r n b q k b - r 
p - - - - - - - 
- - - - - - - - 
- p - B P - - p 
- - - P - p - P 
- P - - - P p - 
P - P p - - P - 
R N - Q K - N R 

~~~Table_Location~~~:

Table_Location[White][King]: ( e , 1 ) 
Table_Location[White][Queen]: ( d , 1 ) 
Table_Location[White][Rock]: ( a , 1 )  ( h , 1 ) 
Table_Location[White][Bishop]: ( d , 5 ) 
Table_Location[White][Knight]: ( b , 1 )  ( g , 1 ) 
Table_Location[White][Pawn]: ( a , 2 )  ( b , 3 )  ( c , 2 )  ( d , 4 )  ( e , 5 )  ( f , 3 )  ( g , 2 )  ( h , 4 ) 
Table_Location[Black][King]: ( e , 8 ) 
Table_Location[Black][Queen]: ( d , 8 ) 
Table_Location[Black][Rock]: ( a , 8 )  ( h , 8 ) 
Table_Location[Black][Bishop]: ( c , 8 )  ( f , 8 ) 
Table_Location[Black][Knight]: ( b , 8 ) 
Table_Location[Black][Pawn]: ( a , 7 )  ( b , 5 )  ( d , 2 )  ( f , 4 )  ( g , 3 )  ( h , 5 ) 

Color on move : White

Piece to move: White

Move index: 0

Current piece location : Void List

New_st_gen : 0

En Passsant Location : Void 
--------------------------------------------------------------
}
Time:1786

{
--------------------------------------------------------------

~~~V_BMAP~~~ : 

 V[White]=

0 0 0 0 0 0 0 0 
0 0 0 0 0 0 0 0 
0 0 0 0 0 0 0 0 
0 0 0 1 1 0 0 0 
0 0 0 1 0 0 0 1 
0 1 0 0 0 1 0 0 
1 0 1 1 0 0 1 0 
1 1 0 0 1 0 1 1 

 V[Black]=

1 1 1 1 1 1 0 1 
1 0 0 0 0 0 0 0 
0 0 0 0 0 0 0 0 
0 0 0 0 0 0 0 1 
0 1 0 0 0 1 0 0 
0 0 0 0 0 0 1 0 
0 0 0 0 0 0 0 0 
0 0 0 0 0 0 0 0 

 V[King]=

0 0 0 0 1 0 0 0 
0 0 0 0 0 0 0 0 
0 0 0 0 0 0 0 0 
0 0 0 0 0 0 0 0 
0 0 0 0 0 0 0 0 
0 0 0 0 0 0 0 0 
0 0 0 0 0 0 0 0 
0 0 0 0 1 0 0 0 

 V[Queen]=

0 0 0 1 0 0 0 0 
0 0 0 0 0 0 0 0 
0 0 0 0 0 0 0 0 
0 0 0 0 0 0 0 0 
0 0 0 0 0 0 0 0 
0 0 0 0 0 0 0 0 
0 0 0 1 0 0 0 0 
0 0 0 0 0 0 0 0 

 V[Rock]=

1 0 0 0 0 0 0 1 
0 0 0 0 0 0 0 0 
0 0 0 0 0 0 0 0 
0 0 0 0 0 0 0 0 
0 0 0 0 0 0 0 0 
0 0 0 0 0 0 0 0 
0 0 0 0 0 0 0 0 
1 0 0 0 0 0 0 1 

 V[Bishop]=

0 0 1 0 0 1 0 0 
0 0 0 0 0 0 0 0 
0 0 0 0 0 0 0 0 
0 0 0 1 0 0 0 0 
0 0 0 0 0 0 0 0 
0 0 0 0 0 0 0 0 
0 0 0 0 0 0 0 0 
0 0 0 0 0 0 0 0 

 V[Knight]=

0 1 0 0 0 0 0 0 
0 0 0 0 0 0 0 0 
0 0 0 0 0 0 0 0 
0 0 0 0 0 0 0 0 
0 0 0 0 0 0 0 0 
0 0 0 0 0 0 0 0 
0 0 0 0 0 0 0 0 
0 1 0 0 0 0 1 0 

 V[Pawn]=

0 0 0 0 0 0 0 0 
1 0 0 0 0 0 0 0 
0 0 0 0 0 0 0 0 
0 0 0 0 1 0 0 1 
0 1 0 1 0 1 0 1 
0 1 0 0 0 1 1 0 
1 0 1 0 0 0 1 0 
0 0 0 0 0 0 0 0 

~~~Table_What~~~:

r n b q k b - r 
p - - - - - - - 
- - - - - - - - 
- - - B P - - p 
- p - P - p - P 
- P - - - P p - 
P - P Q - - P - 
R N - - K - N R 

~~~Table_Location~~~:

Table_Location[White][King]: ( e , 1 ) 
Table_Location[White][Queen]: ( d , 2 ) 
Table_Location[White][Rock]: ( a , 1 )  ( h , 1 ) 
Table_Location[White][Bishop]: ( d , 5 ) 
Table_Location[White][Knight]: ( b , 1 )  ( g , 1 ) 
Table_Location[White][Pawn]: ( a , 2 )  ( b , 3 )  ( c , 2 )  ( d , 4 )  ( e , 5 )  ( f , 3 )  ( g , 2 )  ( h , 4 ) 
Table_Location[Black][King]: ( e , 8 ) 
Table_Location[Black][Queen]: ( d , 8 ) 
Table_Location[Black][Rock]: ( a , 8 )  ( h , 8 ) 
Table_Location[Black][Bishop]: ( c , 8 )  ( f , 8 ) 
Table_Location[Black][Knight]: ( b , 8 ) 
Table_Location[Black][Pawn]: ( a , 7 )  ( b , 4 )  ( f , 4 )  ( g , 3 )  ( h , 5 ) 

Color on move : White

Piece to move: White

Move index: 0

Current piece location : Void List

New_st_gen : 0

En Passsant Location : Void 
--------------------------------------------------------------
}
Time:1787

{
--------------------------------------------------------------

~~~V_BMAP~~~ : 

 V[White]=

0 0 0 0 0 0 0 0 
0 0 0 0 0 0 0 0 
0 0 0 0 0 0 0 0 
0 0 0 1 1 0 0 0 
0 1 0 1 0 0 0 1 
0 1 0 0 0 1 0 0 
1 0 1 0 0 0 1 0 
1 1 0 0 1 0 1 1 

 V[Black]=

1 1 1 1 1 1 0 1 
0 0 0 0 0 0 0 0 
0 0 0 0 0 0 0 0 
1 0 0 0 0 0 0 1 
0 0 0 0 0 1 0 0 
0 0 0 0 0 0 1 0 
0 0 0 0 0 0 0 0 
0 0 0 0 0 0 0 0 

 V[King]=

0 0 0 0 1 0 0 0 
0 0 0 0 0 0 0 0 
0 0 0 0 0 0 0 0 
0 0 0 0 0 0 0 0 
0 0 0 0 0 0 0 0 
0 0 0 0 0 0 0 0 
0 0 0 0 0 0 0 0 
0 0 0 0 1 0 0 0 

 V[Queen]=

0 0 0 1 0 0 0 0 
0 0 0 0 0 0 0 0 
0 0 0 0 0 0 0 0 
0 0 0 0 0 0 0 0 
0 1 0 0 0 0 0 0 
0 0 0 0 0 0 0 0 
0 0 0 0 0 0 0 0 
0 0 0 0 0 0 0 0 

 V[Rock]=

1 0 0 0 0 0 0 1 
0 0 0 0 0 0 0 0 
0 0 0 0 0 0 0 0 
0 0 0 0 0 0 0 0 
0 0 0 0 0 0 0 0 
0 0 0 0 0 0 0 0 
0 0 0 0 0 0 0 0 
1 0 0 0 0 0 0 1 

 V[Bishop]=

0 0 1 0 0 1 0 0 
0 0 0 0 0 0 0 0 
0 0 0 0 0 0 0 0 
0 0 0 1 0 0 0 0 
0 0 0 0 0 0 0 0 
0 0 0 0 0 0 0 0 
0 0 0 0 0 0 0 0 
0 0 0 0 0 0 0 0 

 V[Knight]=

0 1 0 0 0 0 0 0 
0 0 0 0 0 0 0 0 
0 0 0 0 0 0 0 0 
0 0 0 0 0 0 0 0 
0 0 0 0 0 0 0 0 
0 0 0 0 0 0 0 0 
0 0 0 0 0 0 0 0 
0 1 0 0 0 0 1 0 

 V[Pawn]=

0 0 0 0 0 0 0 0 
0 0 0 0 0 0 0 0 
0 0 0 0 0 0 0 0 
1 0 0 0 1 0 0 1 
0 0 0 1 0 1 0 1 
0 1 0 0 0 1 1 0 
1 0 1 0 0 0 1 0 
0 0 0 0 0 0 0 0 

~~~Table_What~~~:

r n b q k b - r 
- - - - - - - - 
- - - - - - - - 
p - - B P - - p 
- Q - P - p - P 
- P - - - P p - 
P - P - - - P - 
R N - - K - N R 

~~~Table_Location~~~:

Table_Location[White][King]: ( e , 1 ) 
Table_Location[White][Queen]: ( b , 4 ) 
Table_Location[White][Rock]: ( a , 1 )  ( h , 1 ) 
Table_Location[White][Bishop]: ( d , 5 ) 
Table_Location[White][Knight]: ( b , 1 )  ( g , 1 ) 
Table_Location[White][Pawn]: ( a , 2 )  ( b , 3 )  ( c , 2 )  ( d , 4 )  ( e , 5 )  ( f , 3 )  ( g , 2 )  ( h , 4 ) 
Table_Location[Black][King]: ( e , 8 ) 
Table_Location[Black][Queen]: ( d , 8 ) 
Table_Location[Black][Rock]: ( a , 8 )  ( h , 8 ) 
Table_Location[Black][Bishop]: ( c , 8 )  ( f , 8 ) 
Table_Location[Black][Knight]: ( b , 8 ) 
Table_Location[Black][Pawn]: ( a , 5 )  ( f , 4 )  ( g , 3 )  ( h , 5 ) 

Color on move : White

Piece to move: White

Move index: 0

Current piece location : Void List

New_st_gen : 0

En Passsant Location : Void 
--------------------------------------------------------------
}
Time:1789

{
--------------------------------------------------------------

~~~V_BMAP~~~ : 

 V[White]=

0 0 0 0 0 0 0 0 
0 0 0 0 0 0 0 0 
0 0 0 0 0 0 0 0 
1 0 0 1 1 0 0 0 
0 0 0 1 0 0 0 1 
0 1 0 0 0 1 0 0 
1 0 1 0 0 0 1 0 
1 1 0 0 1 0 1 1 

 V[Black]=

1 0 1 1 1 1 0 1 
0 0 0 0 0 0 0 0 
1 0 0 0 0 0 0 0 
0 0 0 0 0 0 0 1 
0 0 0 0 0 1 0 0 
0 0 0 0 0 0 1 0 
0 0 0 0 0 0 0 0 
0 0 0 0 0 0 0 0 

 V[King]=

0 0 0 0 1 0 0 0 
0 0 0 0 0 0 0 0 
0 0 0 0 0 0 0 0 
0 0 0 0 0 0 0 0 
0 0 0 0 0 0 0 0 
0 0 0 0 0 0 0 0 
0 0 0 0 0 0 0 0 
0 0 0 0 1 0 0 0 

 V[Queen]=

0 0 0 1 0 0 0 0 
0 0 0 0 0 0 0 0 
0 0 0 0 0 0 0 0 
1 0 0 0 0 0 0 0 
0 0 0 0 0 0 0 0 
0 0 0 0 0 0 0 0 
0 0 0 0 0 0 0 0 
0 0 0 0 0 0 0 0 

 V[Rock]=

1 0 0 0 0 0 0 1 
0 0 0 0 0 0 0 0 
0 0 0 0 0 0 0 0 
0 0 0 0 0 0 0 0 
0 0 0 0 0 0 0 0 
0 0 0 0 0 0 0 0 
0 0 0 0 0 0 0 0 
1 0 0 0 0 0 0 1 

 V[Bishop]=

0 0 1 0 0 1 0 0 
0 0 0 0 0 0 0 0 
0 0 0 0 0 0 0 0 
0 0 0 1 0 0 0 0 
0 0 0 0 0 0 0 0 
0 0 0 0 0 0 0 0 
0 0 0 0 0 0 0 0 
0 0 0 0 0 0 0 0 

 V[Knight]=

0 0 0 0 0 0 0 0 
0 0 0 0 0 0 0 0 
1 0 0 0 0 0 0 0 
0 0 0 0 0 0 0 0 
0 0 0 0 0 0 0 0 
0 0 0 0 0 0 0 0 
0 0 0 0 0 0 0 0 
0 1 0 0 0 0 1 0 

 V[Pawn]=

0 0 0 0 0 0 0 0 
0 0 0 0 0 0 0 0 
0 0 0 0 0 0 0 0 
0 0 0 0 1 0 0 1 
0 0 0 1 0 1 0 1 
0 1 0 0 0 1 1 0 
1 0 1 0 0 0 1 0 
0 0 0 0 0 0 0 0 

~~~Table_What~~~:

r - b q k b - r 
- - - - - - - - 
n - - - - - - - 
Q - - B P - - p 
- - - P - p - P 
- P - - - P p - 
P - P - - - P - 
R N - - K - N R 

~~~Table_Location~~~:

Table_Location[White][King]: ( e , 1 ) 
Table_Location[White][Queen]: ( a , 5 ) 
Table_Location[White][Rock]: ( a , 1 )  ( h , 1 ) 
Table_Location[White][Bishop]: ( d , 5 ) 
Table_Location[White][Knight]: ( b , 1 )  ( g , 1 ) 
Table_Location[White][Pawn]: ( a , 2 )  ( b , 3 )  ( c , 2 )  ( d , 4 )  ( e , 5 )  ( f , 3 )  ( g , 2 )  ( h , 4 ) 
Table_Location[Black][King]: ( e , 8 ) 
Table_Location[Black][Queen]: ( d , 8 ) 
Table_Location[Black][Rock]: ( a , 8 )  ( h , 8 ) 
Table_Location[Black][Bishop]: ( c , 8 )  ( f , 8 ) 
Table_Location[Black][Knight]: ( a , 6 ) 
Table_Location[Black][Pawn]: ( f , 4 )  ( g , 3 )  ( h , 5 ) 

Color on move : White

Piece to move: White

Move index: 0

Current piece location : Void List

New_st_gen : 0

En Passsant Location : Void 
--------------------------------------------------------------
}
Time:1793

{
--------------------------------------------------------------

~~~V_BMAP~~~ : 

 V[White]=

0 0 0 0 0 0 0 0 
0 0 0 0 0 0 0 0 
1 0 0 0 0 0 0 0 
0 0 0 1 1 0 0 0 
0 0 0 1 0 0 0 1 
0 1 0 0 0 1 0 0 
1 0 1 0 0 0 1 0 
1 1 0 0 1 0 1 1 

 V[Black]=

1 0 1 1 1 0 0 1 
0 0 0 0 0 0 0 0 
0 0 0 0 0 0 0 0 
0 0 0 0 0 0 0 1 
0 0 0 0 0 1 0 0 
1 0 0 0 0 0 1 0 
0 0 0 0 0 0 0 0 
0 0 0 0 0 0 0 0 

 V[King]=

0 0 0 0 1 0 0 0 
0 0 0 0 0 0 0 0 
0 0 0 0 0 0 0 0 
0 0 0 0 0 0 0 0 
0 0 0 0 0 0 0 0 
0 0 0 0 0 0 0 0 
0 0 0 0 0 0 0 0 
0 0 0 0 1 0 0 0 

 V[Queen]=

0 0 0 1 0 0 0 0 
0 0 0 0 0 0 0 0 
1 0 0 0 0 0 0 0 
0 0 0 0 0 0 0 0 
0 0 0 0 0 0 0 0 
0 0 0 0 0 0 0 0 
0 0 0 0 0 0 0 0 
0 0 0 0 0 0 0 0 

 V[Rock]=

1 0 0 0 0 0 0 1 
0 0 0 0 0 0 0 0 
0 0 0 0 0 0 0 0 
0 0 0 0 0 0 0 0 
0 0 0 0 0 0 0 0 
0 0 0 0 0 0 0 0 
0 0 0 0 0 0 0 0 
1 0 0 0 0 0 0 1 

 V[Bishop]=

0 0 1 0 0 0 0 0 
0 0 0 0 0 0 0 0 
0 0 0 0 0 0 0 0 
0 0 0 1 0 0 0 0 
0 0 0 0 0 0 0 0 
1 0 0 0 0 0 0 0 
0 0 0 0 0 0 0 0 
0 0 0 0 0 0 0 0 

 V[Knight]=

0 0 0 0 0 0 0 0 
0 0 0 0 0 0 0 0 
0 0 0 0 0 0 0 0 
0 0 0 0 0 0 0 0 
0 0 0 0 0 0 0 0 
0 0 0 0 0 0 0 0 
0 0 0 0 0 0 0 0 
0 1 0 0 0 0 1 0 

 V[Pawn]=

0 0 0 0 0 0 0 0 
0 0 0 0 0 0 0 0 
0 0 0 0 0 0 0 0 
0 0 0 0 1 0 0 1 
0 0 0 1 0 1 0 1 
0 1 0 0 0 1 1 0 
1 0 1 0 0 0 1 0 
0 0 0 0 0 0 0 0 

~~~Table_What~~~:

r - b q k - - r 
- - - - - - - - 
Q - - - - - - - 
- - - B P - - p 
- - - P - p - P 
b P - - - P p - 
P - P - - - P - 
R N - - K - N R 

~~~Table_Location~~~:

Table_Location[White][King]: ( e , 1 ) 
Table_Location[White][Queen]: ( a , 6 ) 
Table_Location[White][Rock]: ( a , 1 )  ( h , 1 ) 
Table_Location[White][Bishop]: ( d , 5 ) 
Table_Location[White][Knight]: ( b , 1 )  ( g , 1 ) 
Table_Location[White][Pawn]: ( a , 2 )  ( b , 3 )  ( c , 2 )  ( d , 4 )  ( e , 5 )  ( f , 3 )  ( g , 2 )  ( h , 4 ) 
Table_Location[Black][King]: ( e , 8 ) 
Table_Location[Black][Queen]: ( d , 8 ) 
Table_Location[Black][Rock]: ( a , 8 )  ( h , 8 ) 
Table_Location[Black][Bishop]: ( c , 8 )  ( a , 3 ) 
Table_Location[Black][Knight]:
Table_Location[Black][Pawn]: ( f , 4 )  ( g , 3 )  ( h , 5 ) 

Color on move : White

Piece to move: White

Move index: 0

Current piece location : Void List

New_st_gen : 0

En Passsant Location : Void 
--------------------------------------------------------------
}
Time:1796

{
--------------------------------------------------------------

~~~V_BMAP~~~ : 

 V[White]=

0 0 0 0 0 0 0 0 
0 0 0 0 0 0 0 0 
0 0 0 0 0 0 0 0 
0 0 0 1 1 0 0 0 
0 0 0 1 0 0 0 1 
1 1 0 0 0 1 0 0 
1 0 1 0 0 0 1 0 
1 0 0 0 1 0 1 1 

 V[Black]=

1 0 0 1 1 0 0 1 
0 0 0 0 0 0 0 0 
1 0 0 0 0 0 0 0 
0 0 0 0 0 0 0 1 
0 0 0 0 0 1 0 0 
0 0 0 0 0 0 1 0 
0 0 0 0 0 0 0 0 
0 0 0 0 0 0 0 0 

 V[King]=

0 0 0 0 1 0 0 0 
0 0 0 0 0 0 0 0 
0 0 0 0 0 0 0 0 
0 0 0 0 0 0 0 0 
0 0 0 0 0 0 0 0 
0 0 0 0 0 0 0 0 
0 0 0 0 0 0 0 0 
0 0 0 0 1 0 0 0 

 V[Queen]=

0 0 0 1 0 0 0 0 
0 0 0 0 0 0 0 0 
0 0 0 0 0 0 0 0 
0 0 0 0 0 0 0 0 
0 0 0 0 0 0 0 0 
0 0 0 0 0 0 0 0 
0 0 0 0 0 0 0 0 
0 0 0 0 0 0 0 0 

 V[Rock]=

1 0 0 0 0 0 0 1 
0 0 0 0 0 0 0 0 
0 0 0 0 0 0 0 0 
0 0 0 0 0 0 0 0 
0 0 0 0 0 0 0 0 
0 0 0 0 0 0 0 0 
0 0 0 0 0 0 0 0 
1 0 0 0 0 0 0 1 

 V[Bishop]=

0 0 0 0 0 0 0 0 
0 0 0 0 0 0 0 0 
1 0 0 0 0 0 0 0 
0 0 0 1 0 0 0 0 
0 0 0 0 0 0 0 0 
0 0 0 0 0 0 0 0 
0 0 0 0 0 0 0 0 
0 0 0 0 0 0 0 0 

 V[Knight]=

0 0 0 0 0 0 0 0 
0 0 0 0 0 0 0 0 
0 0 0 0 0 0 0 0 
0 0 0 0 0 0 0 0 
0 0 0 0 0 0 0 0 
1 0 0 0 0 0 0 0 
0 0 0 0 0 0 0 0 
0 0 0 0 0 0 1 0 

 V[Pawn]=

0 0 0 0 0 0 0 0 
0 0 0 0 0 0 0 0 
0 0 0 0 0 0 0 0 
0 0 0 0 1 0 0 1 
0 0 0 1 0 1 0 1 
0 1 0 0 0 1 1 0 
1 0 1 0 0 0 1 0 
0 0 0 0 0 0 0 0 

~~~Table_What~~~:

r - - q k - - r 
- - - - - - - - 
b - - - - - - - 
- - - B P - - p 
- - - P - p - P 
N P - - - P p - 
P - P - - - P - 
R - - - K - N R 

~~~Table_Location~~~:

Table_Location[White][King]: ( e , 1 ) 
Table_Location[White][Queen]:
Table_Location[White][Rock]: ( a , 1 )  ( h , 1 ) 
Table_Location[White][Bishop]: ( d , 5 ) 
Table_Location[White][Knight]: ( a , 3 )  ( g , 1 ) 
Table_Location[White][Pawn]: ( a , 2 )  ( b , 3 )  ( c , 2 )  ( d , 4 )  ( e , 5 )  ( f , 3 )  ( g , 2 )  ( h , 4 ) 
Table_Location[Black][King]: ( e , 8 ) 
Table_Location[Black][Queen]: ( d , 8 ) 
Table_Location[Black][Rock]: ( a , 8 )  ( h , 8 ) 
Table_Location[Black][Bishop]: ( a , 6 ) 
Table_Location[Black][Knight]:
Table_Location[Black][Pawn]: ( f , 4 )  ( g , 3 )  ( h , 5 ) 

Color on move : White

Piece to move: White

Move index: 0

Current piece location : Void List

New_st_gen : 0

En Passsant Location : Void 
--------------------------------------------------------------
}
Time:1799

{
--------------------------------------------------------------

~~~V_BMAP~~~ : 

 V[White]=

0 0 0 0 0 0 0 0 
0 0 0 0 0 0 0 0 
0 0 0 0 0 0 0 0 
0 0 0 1 1 0 0 0 
0 0 1 1 0 0 0 1 
0 1 0 0 0 1 0 0 
1 0 1 0 0 0 1 0 
1 0 0 0 1 0 1 1 

 V[Black]=

1 0 0 1 1 0 0 1 
0 0 0 0 0 0 0 0 
0 0 0 0 0 0 0 0 
0 1 0 0 0 0 0 1 
0 0 0 0 0 1 0 0 
0 0 0 0 0 0 1 0 
0 0 0 0 0 0 0 0 
0 0 0 0 0 0 0 0 

 V[King]=

0 0 0 0 1 0 0 0 
0 0 0 0 0 0 0 0 
0 0 0 0 0 0 0 0 
0 0 0 0 0 0 0 0 
0 0 0 0 0 0 0 0 
0 0 0 0 0 0 0 0 
0 0 0 0 0 0 0 0 
0 0 0 0 1 0 0 0 

 V[Queen]=

0 0 0 1 0 0 0 0 
0 0 0 0 0 0 0 0 
0 0 0 0 0 0 0 0 
0 0 0 0 0 0 0 0 
0 0 0 0 0 0 0 0 
0 0 0 0 0 0 0 0 
0 0 0 0 0 0 0 0 
0 0 0 0 0 0 0 0 

 V[Rock]=

1 0 0 0 0 0 0 1 
0 0 0 0 0 0 0 0 
0 0 0 0 0 0 0 0 
0 0 0 0 0 0 0 0 
0 0 0 0 0 0 0 0 
0 0 0 0 0 0 0 0 
0 0 0 0 0 0 0 0 
1 0 0 0 0 0 0 1 

 V[Bishop]=

0 0 0 0 0 0 0 0 
0 0 0 0 0 0 0 0 
0 0 0 0 0 0 0 0 
0 1 0 1 0 0 0 0 
0 0 0 0 0 0 0 0 
0 0 0 0 0 0 0 0 
0 0 0 0 0 0 0 0 
0 0 0 0 0 0 0 0 

 V[Knight]=

0 0 0 0 0 0 0 0 
0 0 0 0 0 0 0 0 
0 0 0 0 0 0 0 0 
0 0 0 0 0 0 0 0 
0 0 1 0 0 0 0 0 
0 0 0 0 0 0 0 0 
0 0 0 0 0 0 0 0 
0 0 0 0 0 0 1 0 

 V[Pawn]=

0 0 0 0 0 0 0 0 
0 0 0 0 0 0 0 0 
0 0 0 0 0 0 0 0 
0 0 0 0 1 0 0 1 
0 0 0 1 0 1 0 1 
0 1 0 0 0 1 1 0 
1 0 1 0 0 0 1 0 
0 0 0 0 0 0 0 0 

~~~Table_What~~~:

r - - q k - - r 
- - - - - - - - 
- - - - - - - - 
- b - B P - - p 
- - N P - p - P 
- P - - - P p - 
P - P - - - P - 
R - - - K - N R 

~~~Table_Location~~~:

Table_Location[White][King]: ( e , 1 ) 
Table_Location[White][Queen]:
Table_Location[White][Rock]: ( a , 1 )  ( h , 1 ) 
Table_Location[White][Bishop]: ( d , 5 ) 
Table_Location[White][Knight]: ( c , 4 )  ( g , 1 ) 
Table_Location[White][Pawn]: ( a , 2 )  ( b , 3 )  ( c , 2 )  ( d , 4 )  ( e , 5 )  ( f , 3 )  ( g , 2 )  ( h , 4 ) 
Table_Location[Black][King]: ( e , 8 ) 
Table_Location[Black][Queen]: ( d , 8 ) 
Table_Location[Black][Rock]: ( a , 8 )  ( h , 8 ) 
Table_Location[Black][Bishop]: ( b , 5 ) 
Table_Location[Black][Knight]:
Table_Location[Black][Pawn]: ( f , 4 )  ( g , 3 )  ( h , 5 ) 

Color on move : White

Piece to move: White

Move index: 0

Current piece location : Void List

New_st_gen : 0

En Passsant Location : Void 
--------------------------------------------------------------
}
Time:1801

{
--------------------------------------------------------------

~~~V_BMAP~~~ : 

 V[White]=

0 0 0 0 0 0 0 0 
0 0 0 0 0 0 0 0 
0 0 0 0 0 0 0 0 
0 0 0 1 1 0 0 0 
0 0 1 1 0 0 0 1 
0 1 0 0 0 1 0 0 
0 0 1 0 0 0 1 0 
1 0 0 0 1 0 1 1 

 V[Black]=

1 0 0 1 1 0 0 1 
0 0 0 0 0 0 0 0 
0 0 0 0 0 0 0 0 
0 0 0 0 0 0 0 1 
1 0 0 0 0 1 0 0 
0 0 0 0 0 0 1 0 
0 0 0 0 0 0 0 0 
0 0 0 0 0 0 0 0 

 V[King]=

0 0 0 0 1 0 0 0 
0 0 0 0 0 0 0 0 
0 0 0 0 0 0 0 0 
0 0 0 0 0 0 0 0 
0 0 0 0 0 0 0 0 
0 0 0 0 0 0 0 0 
0 0 0 0 0 0 0 0 
0 0 0 0 1 0 0 0 

 V[Queen]=

0 0 0 1 0 0 0 0 
0 0 0 0 0 0 0 0 
0 0 0 0 0 0 0 0 
0 0 0 0 0 0 0 0 
0 0 0 0 0 0 0 0 
0 0 0 0 0 0 0 0 
0 0 0 0 0 0 0 0 
0 0 0 0 0 0 0 0 

 V[Rock]=

1 0 0 0 0 0 0 1 
0 0 0 0 0 0 0 0 
0 0 0 0 0 0 0 0 
0 0 0 0 0 0 0 0 
0 0 0 0 0 0 0 0 
0 0 0 0 0 0 0 0 
0 0 0 0 0 0 0 0 
1 0 0 0 0 0 0 1 

 V[Bishop]=

0 0 0 0 0 0 0 0 
0 0 0 0 0 0 0 0 
0 0 0 0 0 0 0 0 
0 0 0 1 0 0 0 0 
1 0 0 0 0 0 0 0 
0 0 0 0 0 0 0 0 
0 0 0 0 0 0 0 0 
0 0 0 0 0 0 0 0 

 V[Knight]=

0 0 0 0 0 0 0 0 
0 0 0 0 0 0 0 0 
0 0 0 0 0 0 0 0 
0 0 0 0 0 0 0 0 
0 0 1 0 0 0 0 0 
0 0 0 0 0 0 0 0 
0 0 0 0 0 0 0 0 
0 0 0 0 0 0 1 0 

 V[Pawn]=

0 0 0 0 0 0 0 0 
0 0 0 0 0 0 0 0 
0 0 0 0 0 0 0 0 
0 0 0 0 1 0 0 1 
1 0 0 1 0 1 0 1 
0 1 0 0 0 1 1 0 
0 0 1 0 0 0 1 0 
0 0 0 0 0 0 0 0 

~~~Table_What~~~:

r - - q k - - r 
- - - - - - - - 
- - - - - - - - 
- - - B P - - p 
b - N P - p - P 
- P - - - P p - 
- - P - - - P - 
R - - - K - N R 

~~~Table_Location~~~:

Table_Location[White][King]: ( e , 1 ) 
Table_Location[White][Queen]:
Table_Location[White][Rock]: ( a , 1 )  ( h , 1 ) 
Table_Location[White][Bishop]: ( d , 5 ) 
Table_Location[White][Knight]: ( c , 4 )  ( g , 1 ) 
Table_Location[White][Pawn]: ( b , 3 )  ( c , 2 )  ( d , 4 )  ( e , 5 )  ( f , 3 )  ( g , 2 )  ( h , 4 ) 
Table_Location[Black][King]: ( e , 8 ) 
Table_Location[Black][Queen]: ( d , 8 ) 
Table_Location[Black][Rock]: ( a , 8 )  ( h , 8 ) 
Table_Location[Black][Bishop]: ( a , 4 ) 
Table_Location[Black][Knight]:
Table_Location[Black][Pawn]: ( f , 4 )  ( g , 3 )  ( h , 5 ) 

Color on move : White

Piece to move: White

Move index: 0

Current piece location : Void List

New_st_gen : 0

En Passsant Location : Void 
--------------------------------------------------------------
}
