Time:2457:Updated State

Time:2457:Color on move:
Time:2457:Black
Time:2457

~~~Table_What~~~:

r n b q k b n r 
f f f f f f f f 
- - - - - - - - 
- - - - - - - - 
- - - - - - - F 
- - - - - - - - 
F F F F F F F - 
R N B Q K B N R 
Time:2457:Updated State

Time:2457:Color on move:
Time:2457:White
Time:2457

~~~Table_What~~~:

r n b q k b n r 
f f f f f f f - 
- - - - - - - - 
- - - - - - - f 
- - - - - - - F 
- - - - - - - - 
F F F F F F F - 
R N B Q K B N R 
Time:2458:Updated State

Time:2458:Color on move:
Time:2458:Black
Time:2458

~~~Table_What~~~:

r n b q k b n r 
f f f f f f f - 
- - - - - - - - 
- - - - - - - f 
- - - - - - - F 
- - - - - - - N 
F F F F F F F - 
R N B Q K B - R 
Time:2458:Updated State

Time:2458:Color on move:
Time:2458:White
Time:2458

~~~Table_What~~~:

r n b q k b n r 
f f f f f f - - 
- - - - - - - - 
- - - - - - f f 
- - - - - - - F 
- - - - - - - N 
F F F F F F F - 
R N B Q K B - R 
Time:2461:Updated State

Time:2461:Color on move:
Time:2461:Black
Time:2461

~~~Table_What~~~:

r n b q k b n r 
f f f f f f - - 
- - - - - - - - 
- - - - - - N f 
- - - - - - - F 
- - - - - - - - 
F F F F F F F - 
R N B Q K B - R 
