Time:5098:Engine>XBoard>Line>
Time:5098:feature done=0

Time:5098:WAIT Input
Time:5098:RECEIVED Input
Time:5098:Engine>XBoard>Line>
Time:5098:

Time:5098:Engine>XBoard>Line>
Time:5098:feature usermove=1 san=1 sigint=0 done=1

Time:5098:WAIT Input
Time:5099:RECEIVED Input
Time:5099:WAIT Input
Time:5099:RECEIVED Input
Time:5099:WAIT Input
Time:5099:RECEIVED Input
Time:5099:WAIT Input
Time:5101:RECEIVED Input
Time:5101:Engine>XBoard>Line>
Time:5101:move h5

Time:5101:WAIT Input
Time:5104:RECEIVED Input
Time:5104:Engine>XBoard>Line>
Time:5104:move Nf6

Time:5104:WAIT Input
Time:5108:RECEIVED Input
Time:5108:WAIT Input
Time:5108:RECEIVED Input
Time:5108:WAIT Input
Time:5108:RECEIVED Input
