Time:7551:XBoard>Engine>>>
Time:7551:xboard
Time:7551:XBoard>Engine>>>
Time:7551:protover
Time:7552:XBoard>Engine>>>
Time:7552:accepted
Time:7553:XBoard>Engine>>>
Time:7553:accepted
Time:7553:XBoard>Engine>>>
Time:7553:accepted
Time:7553:XBoard>Engine>>>
Time:7553:accepted
Time:7553:XBoard>Engine>>>
Time:7553:new
Time:7553:XBoard>Engine>>>
Time:7553:random
Time:7553:XBoard>Engine>>>
Time:7553:level
Time:7553:XBoard>Engine>>>
Time:7553:post
Time:7553:XBoard>Engine>>>
Time:7553:hard
Time:7554:XBoard>Engine>>>
Time:7554:time
Time:7554:XBoard>Engine>>>
Time:7554:otim
Time:7554:XBoard>Engine>>>
Time:7554:usermove
Time:7554:XBoard>Engine>Move
Time:7554:Nf3
Time:7554:XBoard>Engine>SAN_to_Move
Time:7554
{
 p_tag = Knight 

 poz_src = ( g , 1 ) 

 poz_dst = ( f , 3 ) 

 m_tag = 0 

 p_tag_pro = White 

 p_rock = ( a , 1 ) 

 what_col = White 
}