Time:9068:Engine>XBoard>Line>
Time:9068:feature done=0

Time:9068:WAIT Input
Time:9068:RECEIVED Input
Time:9068:Engine>XBoard>Line>
Time:9068:

Time:9068:WAIT Input
Time:9068:RECEIVED Input
Time:9068:Engine>XBoard>Line>
Time:9068:feature usermove=1 san=1 sigint=0 done=1

Time:9068:WAIT Input
Time:9069:RECEIVED Input
Time:9069:WAIT Input
Time:9069:RECEIVED Input
Time:9069:WAIT Input
Time:9069:RECEIVED Input
Time:9069:WAIT Input
Time:9069:RECEIVED Input
Time:9069:WAIT Input
Time:9069:RECEIVED Input
Time:9069:WAIT Input
Time:9069:RECEIVED Input
Time:9069:WAIT Input
Time:9069:RECEIVED Input
Time:9069:WAIT Input
Time:9069:RECEIVED Input
Time:9069:WAIT Input
Time:9069:RECEIVED Input
Time:9069:WAIT Input
Time:9069:RECEIVED Input
Time:9069:WAIT Input
Time:9070:RECEIVED Input
Time:9070:WAIT Input
Time:9070:RECEIVED Input
Time:9070:WAIT Input
Time:9070:RECEIVED Input
Time:9070:Engine>XBoard>Line>
Time:9070:move h5

Time:9070:WAIT Input
Time:9072:RECEIVED Input
Time:9072:WAIT Input
Time:9072:RECEIVED Input
Time:9072:WAIT Input
Time:9072:RECEIVED Input
Time:9072:Engine>XBoard>Line>
Time:9072:move h4

Time:9072:WAIT Input
Time:9073:RECEIVED Input
Time:9073:WAIT Input
Time:9073:RECEIVED Input
Time:9073:WAIT Input
Time:9073:RECEIVED Input
Time:9073:Engine>XBoard>Line>
Time:9073:move g5

Time:9073:WAIT Input
Time:9074:RECEIVED Input
Time:9074:WAIT Input
Time:9074:RECEIVED Input
Time:9074:WAIT Input
Time:9074:RECEIVED Input
Time:9074:Engine>XBoard>Line>
Time:9074:move g4

Time:9074:WAIT Input
Time:9076:RECEIVED Input
Time:9076:WAIT Input
Time:9076:RECEIVED Input
Time:9076:WAIT Input
Time:9076:RECEIVED Input
Time:9076:Engine>XBoard>Line>
Time:9076:move gxf3

Time:9076:WAIT Input
Time:9077:RECEIVED Input
Time:9077:WAIT Input
Time:9077:RECEIVED Input
Time:9077:WAIT Input
Time:9077:RECEIVED Input
Time:9077:Engine>XBoard>Line>
Time:9077:move f5

Time:9077:WAIT Input
Time:9078:RECEIVED Input
Time:9078:WAIT Input
Time:9078:RECEIVED Input
Time:9078:WAIT Input
Time:9078:RECEIVED Input
Time:9078:Engine>XBoard>Line>
Time:9078:move f4

Time:9078:WAIT Input
Time:9079:RECEIVED Input
Time:9079:WAIT Input
Time:9079:RECEIVED Input
Time:9079:WAIT Input
Time:9079:RECEIVED Input
Time:9079:Engine>XBoard>Line>
Time:9079:move e6

Time:9079:WAIT Input
Time:9080:RECEIVED Input
Time:9080:WAIT Input
Time:9080:RECEIVED Input
Time:9080:WAIT Input
Time:9080:RECEIVED Input
Time:9080:Engine>XBoard>Line>
Time:9080:move d5

Time:9080:WAIT Input
Time:9082:RECEIVED Input
Time:9082:WAIT Input
Time:9082:RECEIVED Input
Time:9082:WAIT Input
Time:9082:RECEIVED Input
Time:9082:Engine>XBoard>Line>
Time:9082:move c5

Time:9082:WAIT Input
Time:9083:RECEIVED Input
Time:9083:WAIT Input
Time:9083:RECEIVED Input
Time:9083:WAIT Input
Time:9083:RECEIVED Input
Time:9083:Engine>XBoard>Line>
Time:9083:move c4

Time:9083:WAIT Input
Time:9084:RECEIVED Input
Time:9084:WAIT Input
Time:9084:RECEIVED Input
Time:9084:WAIT Input
Time:9084:RECEIVED Input
Time:9084:Engine>XBoard>Line>
Time:9084:move c3

Time:9084:WAIT Input
Time:9085:RECEIVED Input
Time:9085:WAIT Input
Time:9085:RECEIVED Input
Time:9085:WAIT Input
Time:9085:RECEIVED Input
Time:9085:Engine>XBoard>Line>
Time:9085:move a5

Time:9085:WAIT Input
Time:9089:RECEIVED Input
Time:9089:WAIT Input
Time:9089:RECEIVED Input
Time:9089:WAIT Input
Time:9089:RECEIVED Input
Time:9089:Engine>XBoard>Line>
Time:9089:move a4

Time:9089:WAIT Input
Time:9090:RECEIVED Input
Time:9090:WAIT Input
Time:9090:RECEIVED Input
Time:9090:WAIT Input
Time:9090:RECEIVED Input
Time:9090:Engine>XBoard>Line>
Time:9090:move Ne7

Time:9090:WAIT Input
Time:9092:RECEIVED Input
Time:9092:WAIT Input
Time:9092:RECEIVED Input
Time:9092:WAIT Input
Time:9092:RECEIVED Input
Time:9092:Engine>XBoard>Line>
Time:9092:move N7c6

Time:9092:WAIT Input
Time:9095:RECEIVED Input
Time:9095:WAIT Input
Time:9095:RECEIVED Input
Time:9095:WAIT Input
Time:9095:RECEIVED Input
Time:9095:Engine>XBoard>Line>
Time:9095:move Na6

Time:9095:WAIT Input
Time:9332:RECEIVED Input
Time:9332:WAIT Input
Time:9332:RECEIVED Input
Time:9332:WAIT Input
Time:9332:RECEIVED Input
